timestamp, gpu_0_utilization.gpu [% or MiB], gpu_0_utilization.memory [% or MiB], gpu_0_memory.total [% or MiB], gpu_0_memory.free [% or MiB], gpu_0_memory.used [% or MiB], gpu_1_utilization.gpu [% or MiB], gpu_1_utilization.memory [% or MiB], gpu_1_memory.total [% or MiB], gpu_1_memory.free [% or MiB], gpu_1_memory.used [% or MiB]
2025/03/16 22:19:27.296, 0, 0, 81920, 81037, 0,0, 0, 81920, 81037, 0
2025/03/16 22:19:28.417, 0, 0, 81920, 81037, 0,0, 0, 81920, 81037, 0
2025/03/16 22:19:29.563, 0, 0, 81920, 81037, 0,0, 0, 81920, 81037, 0
2025/03/16 22:19:30.612, 0, 0, 81920, 81037, 0,0, 0, 81920, 81037, 0
2025/03/16 22:19:31.778, 0, 0, 81920, 81037, 0,0, 0, 81920, 81037, 0
2025/03/16 22:19:32.826, 0, 0, 81920, 81037, 0,0, 0, 81920, 81037, 0
2025/03/16 22:19:33.936, 0, 0, 81920, 81037, 0,0, 0, 81920, 81037, 0
2025/03/16 22:19:35.084, 0, 0, 81920, 81037, 0,0, 0, 81920, 81037, 0
2025/03/16 22:19:36.126, 0, 0, 81920, 81037, 0,0, 0, 81920, 81037, 0
2025/03/16 22:19:37.283, 0, 0, 81920, 81037, 0,0, 0, 81920, 81037, 0
2025/03/16 22:19:38.326, 0, 0, 81920, 81037, 0,0, 0, 81920, 81037, 0
2025/03/16 22:19:39.370, 0, 0, 81920, 81037, 0,0, 0, 81920, 81037, 0
2025/03/16 22:19:40.564, 0, 0, 81920, 81037, 0,0, 0, 81920, 81037, 0
2025/03/16 22:19:41.612, 0, 0, 81920, 81037, 0,0, 0, 81920, 81037, 0
2025/03/16 22:19:42.793, 0, 0, 81920, 81037, 0,0, 0, 81920, 81037, 0
2025/03/16 22:19:43.837, 0, 0, 81920, 81037, 0,0, 0, 81920, 81037, 0
2025/03/16 22:19:44.882, 0, 0, 81920, 81037, 0,0, 0, 81920, 81037, 0
2025/03/16 22:19:46.095, 0, 0, 81920, 81037, 0,0, 0, 81920, 81037, 0
2025/03/16 22:19:47.138, 0, 0, 81920, 81037, 0,0, 0, 81920, 81037, 0
2025/03/16 22:19:48.337, 0, 0, 81920, 81037, 0,0, 0, 81920, 81037, 0
2025/03/16 22:19:49.386, 0, 0, 81920, 81037, 0,0, 0, 81920, 81037, 0
2025/03/16 22:19:50.429, 0, 0, 81920, 81037, 0,0, 0, 81920, 81037, 0
2025/03/16 22:19:51.642, 0, 0, 81920, 81037, 0,0, 0, 81920, 81037, 0
2025/03/16 22:19:52.682, 0, 0, 81920, 81037, 0,0, 0, 81920, 81037, 0
2025/03/16 22:19:53.879, 0, 0, 81920, 81037, 0,0, 0, 81920, 81037, 0
2025/03/16 22:19:54.927, 0, 0, 81920, 81037, 0,0, 0, 81920, 81037, 0
2025/03/16 22:19:55.974, 0, 0, 81920, 81037, 0,0, 0, 81920, 81037, 0
2025/03/16 22:19:57.504, 0, 0, 81920, 81037, 0,0, 0, 81920, 81037, 0
2025/03/16 22:19:58.550, 0, 0, 81920, 81037, 0,0, 0, 81920, 81037, 0
2025/03/16 22:19:59.630, 0, 0, 81920, 81037, 0,0, 0, 81920, 81037, 0
2025/03/16 22:20:00.879, 0, 0, 81920, 81037, 0,0, 0, 81920, 81037, 0
2025/03/16 22:20:01.931, 0, 0, 81920, 81037, 0,0, 0, 81920, 81037, 0
2025/03/16 22:20:03.142, 0, 0, 81920, 81037, 0,0, 0, 81920, 81037, 0
2025/03/16 22:20:04.191, 0, 0, 81920, 81037, 0,0, 0, 81920, 81037, 0
2025/03/16 22:20:05.241, 0, 0, 81920, 81037, 0,0, 0, 81920, 81037, 0
2025/03/16 22:20:06.421, 0, 0, 81920, 81037, 0,0, 0, 81920, 81037, 0
2025/03/16 22:20:07.465, 0, 0, 81920, 81037, 0,0, 0, 81920, 81037, 0
2025/03/16 22:20:08.648, 0, 0, 81920, 81037, 0,0, 0, 81920, 81037, 0
2025/03/16 22:20:09.693, 0, 0, 81920, 81037, 0,0, 0, 81920, 81037, 0
2025/03/16 22:20:10.736, 0, 0, 81920, 81037, 0,0, 0, 81920, 81037, 0
2025/03/16 22:20:11.944, 0, 0, 81920, 81037, 0,0, 0, 81920, 81037, 0
2025/03/16 22:20:12.989, 0, 0, 81920, 81037, 0,0, 0, 81920, 81037, 0
2025/03/16 22:20:14.178, 0, 0, 81920, 81037, 0,0, 0, 81920, 81037, 0
2025/03/16 22:20:15.223, 0, 0, 81920, 81037, 0,0, 0, 81920, 81037, 0
2025/03/16 22:20:16.267, 0, 0, 81920, 81037, 0,0, 0, 81920, 81037, 0
2025/03/16 22:20:17.479, 0, 0, 81920, 81037, 0,0, 0, 81920, 81037, 0
2025/03/16 22:20:18.524, 0, 0, 81920, 81037, 0,0, 0, 81920, 81037, 0
2025/03/16 22:20:19.723, 0, 0, 81920, 81037, 0,0, 0, 81920, 81037, 0
2025/03/16 22:20:20.770, 0, 0, 81920, 81037, 0,0, 0, 81920, 81037, 0
2025/03/16 22:20:21.814, 0, 0, 81920, 81037, 0,0, 0, 81920, 81037, 0
2025/03/16 22:20:23.022, 0, 0, 81920, 81037, 0,0, 0, 81920, 81037, 0
2025/03/16 22:20:24.063, 0, 0, 81920, 81037, 0,0, 0, 81920, 81037, 0
2025/03/16 22:20:25.269, 0, 0, 81920, 81037, 0,0, 0, 81920, 81037, 0
2025/03/16 22:20:26.312, 0, 0, 81920, 81037, 0,0, 0, 81920, 81037, 0
2025/03/16 22:20:27.407, 0, 0, 81920, 81037, 0,0, 0, 81920, 81037, 0
2025/03/16 22:20:28.572, 0, 0, 81920, 81037, 0,0, 0, 81920, 81037, 0
2025/03/16 22:20:29.615, 0, 0, 81920, 81037, 0,0, 0, 81920, 81037, 0
2025/03/16 22:20:30.803, 0, 0, 81920, 81037, 0,0, 0, 81920, 81037, 0
2025/03/16 22:20:31.848, 0, 0, 81920, 81037, 0,0, 0, 81920, 81037, 0
2025/03/16 22:20:32.895, 0, 0, 81920, 81037, 0,0, 0, 81920, 81037, 0
2025/03/16 22:20:34.091, 0, 0, 81920, 81037, 0,0, 0, 81920, 81037, 0
2025/03/16 22:20:35.136, 0, 0, 81920, 81037, 0,0, 0, 81920, 81037, 0
2025/03/16 22:20:36.506, 0, 0, 81920, 81037, 0,0, 0, 81920, 81037, 0
2025/03/16 22:20:37.766, 0, 0, 81920, 81037, 0,0, 0, 81920, 81037, 0
2025/03/16 22:20:38.811, 0, 0, 81920, 81037, 0,0, 0, 81920, 81037, 0
2025/03/16 22:20:40.170, 0, 0, 81920, 81037, 0,0, 0, 81920, 81037, 0
2025/03/16 22:20:41.401, 0, 0, 81920, 81037, 0,0, 0, 81920, 81037, 0
2025/03/16 22:20:42.446, 0, 0, 81920, 81037, 0,0, 0, 81920, 81037, 0
2025/03/16 22:20:43.832, 0, 0, 81920, 81037, 0,0, 0, 81920, 81037, 0
2025/03/16 22:20:45.065, 0, 0, 81920, 81037, 0,0, 0, 81920, 81037, 0
2025/03/16 22:20:46.106, 0, 0, 81920, 81037, 0,0, 0, 81920, 81037, 0
2025/03/16 22:20:47.464, 0, 0, 81920, 81037, 0,0, 0, 81920, 81037, 0
2025/03/16 22:20:48.723, 0, 0, 81920, 81037, 0,0, 0, 81920, 81037, 0
2025/03/16 22:20:49.769, 0, 0, 81920, 81037, 0,0, 0, 81920, 81037, 0
2025/03/16 22:20:51.123, 0, 0, 81920, 81037, 0,0, 0, 81920, 81037, 0
2025/03/16 22:20:52.354, 0, 0, 81920, 81037, 0,0, 0, 81920, 81037, 0
2025/03/16 22:20:53.401, 0, 0, 81920, 81037, 0,0, 0, 81920, 81037, 0
2025/03/16 22:20:54.588, 0, 0, 81920, 81037, 0,0, 0, 81920, 81037, 0
2025/03/16 22:20:55.635, 0, 0, 81920, 81037, 0,0, 0, 81920, 81037, 0
2025/03/16 22:20:56.689, 0, 0, 81920, 81037, 0,0, 0, 81920, 81037, 0
2025/03/16 22:20:57.899, 0, 0, 81920, 81037, 0,0, 0, 81920, 81037, 0
2025/03/16 22:20:58.943, 0, 0, 81920, 81037, 0,0, 0, 81920, 81037, 0
2025/03/16 22:21:00.125, 0, 0, 81920, 81037, 0,0, 0, 81920, 81037, 0
2025/03/16 22:21:01.168, 0, 0, 81920, 81037, 0,0, 0, 81920, 81037, 0
2025/03/16 22:21:02.215, 0, 0, 81920, 81037, 0,0, 0, 81920, 81037, 0
2025/03/16 22:21:03.500, 0, 0, 81920, 81037, 0,0, 0, 81920, 81037, 0
2025/03/16 22:21:04.543, 0, 0, 81920, 81037, 0,0, 0, 81920, 81037, 0
2025/03/16 22:21:05.644, 0, 0, 81920, 81037, 0,0, 0, 81920, 81037, 0
2025/03/16 22:21:06.690, 0, 0, 81920, 81037, 0,0, 0, 81920, 81037, 0
2025/03/16 22:21:07.734, 0, 0, 81920, 81037, 0,0, 0, 81920, 81037, 0
2025/03/16 22:21:08.916, 0, 0, 81920, 81037, 0,0, 0, 81920, 81037, 0
2025/03/16 22:21:09.957, 0, 0, 81920, 81037, 0,0, 0, 81920, 81037, 0
2025/03/16 22:21:11.149, 0, 0, 81920, 81037, 0,0, 0, 81920, 81037, 0
2025/03/16 22:21:12.197, 0, 0, 81920, 81037, 0,0, 0, 81920, 81037, 0
2025/03/16 22:21:13.239, 0, 0, 81920, 81037, 0,0, 0, 81920, 81037, 0
2025/03/16 22:21:14.454, 0, 0, 81920, 81037, 0,0, 0, 81920, 81037, 0
2025/03/16 22:21:15.500, 0, 0, 81920, 81037, 0,0, 0, 81920, 81037, 0
2025/03/16 22:21:16.689, 0, 0, 81920, 81037, 0,0, 0, 81920, 81037, 0
2025/03/16 22:21:17.733, 0, 0, 81920, 81037, 0,0, 0, 81920, 81037, 0
2025/03/16 22:21:18.777, 0, 0, 81920, 81037, 0,0, 0, 81920, 81037, 0
2025/03/16 22:21:19.988, 0, 0, 81920, 81037, 0,0, 0, 81920, 81037, 0
2025/03/16 22:21:21.030, 0, 0, 81920, 81037, 0,0, 0, 81920, 81037, 0
2025/03/16 22:21:22.231, 0, 0, 81920, 81037, 0,0, 0, 81920, 81037, 0
2025/03/16 22:21:23.276, 0, 0, 81920, 81037, 0,0, 0, 81920, 81037, 0
2025/03/16 22:21:24.323, 0, 0, 81920, 81037, 0,0, 0, 81920, 81037, 0
2025/03/16 22:21:25.513, 0, 0, 81920, 81037, 0,0, 0, 81920, 81037, 0
2025/03/16 22:21:26.561, 0, 0, 81920, 81037, 0,0, 0, 81920, 81037, 0
2025/03/16 22:21:27.762, 0, 0, 81920, 81037, 0,0, 0, 81920, 81037, 0
2025/03/16 22:21:28.808, 0, 0, 81920, 81037, 0,0, 0, 81920, 81037, 0
2025/03/16 22:21:29.851, 0, 0, 81920, 81037, 0,0, 0, 81920, 81037, 0
2025/03/16 22:21:31.041, 0, 0, 81920, 81037, 0,0, 0, 81920, 81037, 0
2025/03/16 22:21:32.084, 0, 0, 81920, 81037, 0,0, 0, 81920, 81037, 0
2025/03/16 22:21:33.308, 0, 0, 81920, 81037, 0,0, 0, 81920, 81037, 0
2025/03/16 22:21:34.352, 0, 0, 81920, 81037, 0,0, 0, 81920, 81037, 0
2025/03/16 22:21:35.396, 0, 0, 81920, 81037, 0,0, 0, 81920, 81037, 0
2025/03/16 22:21:36.580, 0, 0, 81920, 81037, 0,0, 0, 81920, 81037, 0
2025/03/16 22:21:37.626, 0, 0, 81920, 81037, 0,0, 0, 81920, 81037, 0
2025/03/16 22:21:38.812, 0, 0, 81920, 81037, 0,0, 0, 81920, 81037, 0
2025/03/16 22:21:39.857, 0, 0, 81920, 81037, 0,0, 0, 81920, 81037, 0
2025/03/16 22:21:40.902, 0, 0, 81920, 81037, 0,0, 0, 81920, 81037, 0
2025/03/16 22:21:42.092, 0, 0, 81920, 81037, 0,0, 0, 81920, 81037, 0
2025/03/16 22:21:43.137, 0, 0, 81920, 81037, 0,0, 0, 81920, 81037, 0
2025/03/16 22:21:44.325, 0, 0, 81920, 81037, 0,0, 0, 81920, 81037, 0
2025/03/16 22:21:45.369, 0, 0, 81920, 81037, 0,0, 0, 81920, 81037, 0
2025/03/16 22:21:46.416, 0, 0, 81920, 81037, 0,0, 0, 81920, 81037, 0
2025/03/16 22:21:47.603, 0, 0, 81920, 81037, 0,0, 0, 81920, 81037, 0
2025/03/16 22:21:48.647, 0, 0, 81920, 81037, 0,0, 0, 81920, 81037, 0
2025/03/16 22:21:49.834, 0, 0, 81920, 81037, 0,0, 0, 81920, 81037, 0
2025/03/16 22:21:50.877, 0, 0, 81920, 81037, 0,0, 0, 81920, 81037, 0
2025/03/16 22:21:51.921, 0, 0, 81920, 81037, 0,0, 0, 81920, 81037, 0
2025/03/16 22:21:53.114, 0, 0, 81920, 81037, 0,0, 0, 81920, 81037, 0
2025/03/16 22:21:54.159, 0, 0, 81920, 81037, 0,0, 0, 81920, 81037, 0
2025/03/16 22:21:55.348, 0, 0, 81920, 81037, 0,0, 0, 81920, 81037, 0
2025/03/16 22:21:56.391, 0, 0, 81920, 81037, 0,0, 0, 81920, 81037, 0
2025/03/16 22:21:57.488, 0, 0, 81920, 81037, 0,0, 0, 81920, 81037, 0
2025/03/16 22:21:58.635, 0, 0, 81920, 81037, 0,0, 0, 81920, 81037, 0
2025/03/16 22:21:59.677, 0, 0, 81920, 81037, 0,0, 0, 81920, 81037, 0
2025/03/16 22:22:00.863, 0, 0, 81920, 81037, 0,0, 0, 81920, 81037, 0
2025/03/16 22:22:01.932, 0, 0, 81920, 81037, 0,0, 0, 81920, 81037, 0
2025/03/16 22:22:03.177, 0, 0, 81920, 81037, 0,0, 0, 81920, 81037, 0
2025/03/16 22:22:04.546, 0, 0, 81920, 81037, 0,0, 0, 81920, 81037, 0
2025/03/16 22:22:05.590, 0, 0, 81920, 81037, 0,0, 0, 81920, 81037, 0
2025/03/16 22:22:06.636, 0, 0, 81920, 81037, 0,0, 0, 81920, 81037, 0
2025/03/16 22:22:07.825, 0, 0, 81920, 81037, 0,0, 0, 81920, 81037, 0
2025/03/16 22:22:08.866, 0, 0, 81920, 81037, 0,0, 0, 81920, 81037, 0
2025/03/16 22:22:10.061, 0, 0, 81920, 81037, 0,0, 0, 81920, 81037, 0
2025/03/16 22:22:11.107, 0, 0, 81920, 81037, 0,0, 0, 81920, 81037, 0
2025/03/16 22:22:12.148, 0, 0, 81920, 81037, 0,0, 0, 81920, 81037, 0
2025/03/16 22:22:13.350, 0, 0, 81920, 81037, 0,0, 0, 81920, 81037, 0
2025/03/16 22:22:14.395, 0, 0, 81920, 81037, 0,0, 0, 81920, 81037, 0
2025/03/16 22:22:15.586, 0, 0, 81920, 81037, 0,0, 0, 81920, 81037, 0
2025/03/16 22:22:16.632, 0, 0, 81920, 81037, 0,0, 0, 81920, 81037, 0
2025/03/16 22:22:17.678, 0, 0, 81920, 81037, 0,0, 0, 81920, 81037, 0
2025/03/16 22:22:18.871, 0, 0, 81920, 81037, 0,0, 0, 81920, 81037, 0
2025/03/16 22:22:19.912, 0, 0, 81920, 81037, 0,0, 0, 81920, 81037, 0
2025/03/16 22:22:21.112, 0, 0, 81920, 81037, 0,0, 0, 81920, 81037, 0
2025/03/16 22:22:22.156, 0, 0, 81920, 81037, 0,0, 0, 81920, 81037, 0
2025/03/16 22:22:23.200, 0, 0, 81920, 81037, 0,0, 0, 81920, 81037, 0
2025/03/16 22:22:24.398, 0, 0, 81920, 81037, 0,0, 0, 81920, 81037, 0
2025/03/16 22:22:25.442, 0, 0, 81920, 81037, 0,0, 0, 81920, 81037, 0
2025/03/16 22:22:26.647, 0, 0, 81920, 81037, 0,0, 0, 81920, 81037, 0
2025/03/16 22:22:27.699, 0, 0, 81920, 81037, 0,0, 0, 81920, 81037, 0
2025/03/16 22:22:28.794, 0, 0, 81920, 81037, 0,0, 0, 81920, 81037, 0
2025/03/16 22:22:30.054, 0, 0, 81920, 81037, 0,0, 0, 81920, 81037, 0
2025/03/16 22:22:31.103, 0, 0, 81920, 81037, 0,0, 0, 81920, 81037, 0
2025/03/16 22:22:32.192, 0, 0, 81920, 81037, 0,0, 0, 81920, 81037, 0
2025/03/16 22:22:33.236, 0, 0, 81920, 81037, 0,0, 0, 81920, 81037, 0
2025/03/16 22:22:34.334, 0, 0, 81920, 81037, 0,0, 0, 81920, 81037, 0
2025/03/16 22:22:35.593, 0, 0, 81920, 81037, 0,0, 0, 81920, 81037, 0
2025/03/16 22:22:36.634, 0, 0, 81920, 81037, 0,0, 0, 81920, 81037, 0
2025/03/16 22:22:37.827, 0, 0, 81920, 81037, 0,0, 0, 81920, 81037, 0
2025/03/16 22:22:38.869, 0, 0, 81920, 81037, 0,0, 0, 81920, 81037, 0
2025/03/16 22:22:39.917, 0, 0, 81920, 81037, 0,0, 0, 81920, 81037, 0
2025/03/16 22:22:41.125, 0, 0, 81920, 81037, 0,0, 0, 81920, 81037, 0
2025/03/16 22:22:42.170, 0, 0, 81920, 81037, 0,0, 0, 81920, 81037, 0
2025/03/16 22:22:43.363, 0, 0, 81920, 81037, 0,0, 0, 81920, 81037, 0
2025/03/16 22:22:44.411, 0, 0, 81920, 81037, 0,0, 0, 81920, 81037, 0
2025/03/16 22:22:45.460, 0, 0, 81920, 81037, 0,0, 0, 81920, 81037, 0
2025/03/16 22:22:46.653, 0, 0, 81920, 81037, 0,0, 0, 81920, 81037, 0
2025/03/16 22:22:47.697, 0, 0, 81920, 81037, 0,0, 0, 81920, 81037, 0
2025/03/16 22:22:48.885, 0, 0, 81920, 81037, 0,0, 0, 81920, 81037, 0
2025/03/16 22:22:49.931, 0, 0, 81920, 81037, 0,0, 0, 81920, 81037, 0
2025/03/16 22:22:50.978, 0, 0, 81920, 81037, 0,0, 0, 81920, 81037, 0
2025/03/16 22:22:52.174, 0, 0, 81920, 81037, 0,0, 0, 81920, 81037, 0
2025/03/16 22:22:53.218, 0, 0, 81920, 81037, 0,0, 0, 81920, 81037, 0
2025/03/16 22:22:54.406, 0, 0, 81920, 81037, 0,0, 0, 81920, 81037, 0
2025/03/16 22:22:55.451, 0, 0, 81920, 81037, 0,0, 0, 81920, 81037, 0
2025/03/16 22:22:56.498, 0, 0, 81920, 81037, 0,0, 0, 81920, 81037, 0
2025/03/16 22:22:57.707, 0, 0, 81920, 81037, 0,0, 0, 81920, 81037, 0
2025/03/16 22:22:58.757, 0, 0, 81920, 81037, 0,0, 0, 81920, 81037, 0
2025/03/16 22:22:59.926, 0, 0, 81920, 81037, 0,0, 0, 81920, 81037, 0
2025/03/16 22:23:00.969, 0, 0, 81920, 81037, 0,0, 0, 81920, 81037, 0
2025/03/16 22:23:02.038, 0, 0, 81920, 81037, 0,0, 0, 81920, 81037, 0
2025/03/16 22:23:03.338, 0, 0, 81920, 81037, 0,0, 0, 81920, 81037, 0
2025/03/16 22:23:04.385, 0, 0, 81920, 81037, 0,0, 0, 81920, 81037, 0
2025/03/16 22:23:05.487, 0, 0, 81920, 81037, 0,0, 0, 81920, 81037, 0
2025/03/16 22:23:06.532, 0, 0, 81920, 81037, 0,0, 0, 81920, 81037, 0
2025/03/16 22:23:07.583, 0, 0, 81920, 81037, 0,0, 0, 81920, 81037, 0
2025/03/16 22:23:08.774, 0, 0, 81920, 81037, 0,0, 0, 81920, 81037, 0
2025/03/16 22:23:09.817, 0, 0, 81920, 81037, 0,0, 0, 81920, 81037, 0
2025/03/16 22:23:11.008, 0, 0, 81920, 81037, 0,0, 0, 81920, 81037, 0
2025/03/16 22:23:12.051, 0, 0, 81920, 81037, 0,0, 0, 81920, 81037, 0
2025/03/16 22:23:13.094, 0, 0, 81920, 81037, 0,0, 0, 81920, 81037, 0
2025/03/16 22:23:14.293, 0, 0, 81920, 81037, 0,0, 0, 81920, 81037, 0
2025/03/16 22:23:15.336, 0, 0, 81920, 81037, 0,0, 0, 81920, 81037, 0
2025/03/16 22:23:16.527, 0, 0, 81920, 81037, 0,0, 0, 81920, 81037, 0
2025/03/16 22:23:17.576, 0, 0, 81920, 81037, 0,0, 0, 81920, 81037, 0
2025/03/16 22:23:18.620, 0, 0, 81920, 81037, 0,0, 0, 81920, 81037, 0
2025/03/16 22:23:19.810, 0, 0, 81920, 81037, 0,0, 0, 81920, 81037, 0
2025/03/16 22:23:20.857, 0, 0, 81920, 81037, 0,0, 0, 81920, 81037, 0
2025/03/16 22:23:22.032, 0, 0, 81920, 81037, 0,0, 0, 81920, 81037, 0
2025/03/16 22:23:23.077, 0, 0, 81920, 81037, 0,0, 0, 81920, 81037, 0
2025/03/16 22:23:24.244, 0, 0, 81920, 81037, 0,0, 0, 81920, 81037, 0
2025/03/16 22:23:25.310, 0, 0, 81920, 81037, 0,0, 0, 81920, 81037, 0
2025/03/16 22:23:26.356, 0, 0, 81920, 81037, 0,0, 0, 81920, 81037, 0
2025/03/16 22:23:27.513, 0, 0, 81920, 81037, 0,0, 0, 81920, 81037, 0
2025/03/16 22:23:28.557, 0, 0, 81920, 81037, 0,0, 0, 81920, 81037, 0
2025/03/16 22:23:29.601, 0, 0, 81920, 81037, 0,0, 0, 81920, 81037, 0
2025/03/16 22:23:30.803, 0, 0, 81920, 81037, 0,0, 0, 81920, 81037, 0
2025/03/16 22:23:31.844, 0, 0, 81920, 81037, 0,0, 0, 81920, 81037, 0
2025/03/16 22:23:33.029, 0, 0, 81920, 81037, 0,0, 0, 81920, 81037, 0
2025/03/16 22:23:34.077, 0, 0, 81920, 81037, 0,0, 0, 81920, 81037, 0
2025/03/16 22:23:35.120, 0, 0, 81920, 81037, 0,0, 0, 81920, 81037, 0
2025/03/16 22:23:36.300, 0, 0, 81920, 81037, 0,0, 0, 81920, 81037, 0
2025/03/16 22:23:37.341, 0, 0, 81920, 81037, 0,0, 0, 81920, 81037, 0
2025/03/16 22:23:38.529, 0, 0, 81920, 81037, 0,0, 0, 81920, 81037, 0
2025/03/16 22:23:39.577, 0, 0, 81920, 81037, 0,0, 0, 81920, 81037, 0
2025/03/16 22:23:40.618, 0, 0, 81920, 81037, 0,0, 0, 81920, 81037, 0
2025/03/16 22:23:41.796, 0, 0, 81920, 81037, 0,0, 0, 81920, 81037, 0
2025/03/16 22:23:42.841, 0, 0, 81920, 81037, 0,0, 0, 81920, 81037, 0
2025/03/16 22:23:44.026, 0, 0, 81920, 81037, 0,0, 0, 81920, 81037, 0
2025/03/16 22:23:45.071, 0, 0, 81920, 81037, 0,0, 0, 81920, 81037, 0
2025/03/16 22:23:46.114, 0, 0, 81920, 81037, 0,0, 0, 81920, 81037, 0
2025/03/16 22:23:47.289, 0, 0, 81920, 81037, 0,0, 0, 81920, 81037, 0
2025/03/16 22:23:48.333, 0, 0, 81920, 81037, 0,0, 0, 81920, 81037, 0
2025/03/16 22:23:49.513, 0, 0, 81920, 81037, 0,0, 0, 81920, 81037, 0
2025/03/16 22:23:50.561, 0, 0, 81920, 81037, 0,0, 0, 81920, 81037, 0
2025/03/16 22:23:51.605, 0, 0, 81920, 81037, 0,0, 0, 81920, 81037, 0
2025/03/16 22:23:52.783, 0, 0, 81920, 81037, 0,0, 0, 81920, 81037, 0
2025/03/16 22:23:53.825, 0, 0, 81920, 81037, 0,0, 0, 81920, 81037, 0
2025/03/16 22:23:55.011, 0, 0, 81920, 81037, 0,0, 0, 81920, 81037, 0
2025/03/16 22:23:56.055, 0, 0, 81920, 81037, 0,0, 0, 81920, 81037, 0
2025/03/16 22:23:57.204, 0, 0, 81920, 81037, 0,0, 0, 81920, 81037, 0
2025/03/16 22:23:58.291, 0, 0, 81920, 81037, 0,0, 0, 81920, 81037, 0
2025/03/16 22:23:59.343, 0, 0, 81920, 81037, 0,0, 0, 81920, 81037, 0
2025/03/16 22:24:00.511, 0, 0, 81920, 81037, 0,0, 0, 81920, 81037, 0
2025/03/16 22:24:01.554, 0, 0, 81920, 81037, 0,0, 0, 81920, 81037, 0
2025/03/16 22:24:02.636, 0, 0, 81920, 81037, 0,0, 0, 81920, 81037, 0
2025/03/16 22:24:03.785, 0, 0, 81920, 81037, 0,0, 0, 81920, 81037, 0
2025/03/16 22:24:04.827, 0, 0, 81920, 81037, 0,0, 0, 81920, 81037, 0
2025/03/16 22:24:06.011, 0, 0, 81920, 81037, 0,0, 0, 81920, 81037, 0
2025/03/16 22:24:07.057, 0, 0, 81920, 81037, 0,0, 0, 81920, 81037, 0
2025/03/16 22:24:08.100, 0, 0, 81920, 81037, 0,0, 0, 81920, 81037, 0
2025/03/16 22:24:09.292, 0, 0, 81920, 81037, 0,0, 0, 81920, 81037, 0
2025/03/16 22:24:10.336, 0, 0, 81920, 81037, 0,0, 0, 81920, 81037, 0
2025/03/16 22:24:11.518, 0, 0, 81920, 81037, 0,0, 0, 81920, 81037, 0
2025/03/16 22:24:12.564, 0, 0, 81920, 81037, 0,0, 0, 81920, 81037, 0
2025/03/16 22:24:13.616, 0, 0, 81920, 81037, 0,0, 0, 81920, 81037, 0
2025/03/16 22:24:14.793, 0, 0, 81920, 81037, 0,0, 0, 81920, 81037, 0
2025/03/16 22:24:15.834, 0, 0, 81920, 81037, 0,0, 0, 81920, 81037, 0
2025/03/16 22:24:16.996, 0, 0, 81920, 81037, 0,0, 0, 81920, 81037, 0
2025/03/16 22:24:18.040, 0, 0, 81920, 81037, 0,0, 0, 81920, 81037, 0
2025/03/16 22:24:19.087, 0, 0, 81920, 81037, 0,0, 0, 81920, 81037, 0
2025/03/16 22:24:20.281, 0, 0, 81920, 81037, 0,0, 0, 81920, 81037, 0
2025/03/16 22:24:21.324, 0, 0, 81920, 81037, 0,0, 0, 81920, 81037, 0
2025/03/16 22:24:22.516, 0, 0, 81920, 81037, 0,0, 0, 81920, 81037, 0
2025/03/16 22:24:23.562, 0, 0, 81920, 81037, 0,0, 0, 81920, 81037, 0
2025/03/16 22:24:24.605, 0, 0, 81920, 81037, 0,0, 0, 81920, 81037, 0
2025/03/16 22:24:25.786, 0, 0, 81920, 81037, 0,0, 0, 81920, 81037, 0
2025/03/16 22:24:26.830, 0, 0, 81920, 81037, 0,0, 0, 81920, 81037, 0
2025/03/16 22:24:28.031, 0, 0, 81920, 81037, 0,0, 0, 81920, 81037, 0
2025/03/16 22:24:29.077, 0, 0, 81920, 81037, 0,0, 0, 81920, 81037, 0
2025/03/16 22:24:30.126, 0, 0, 81920, 81037, 0,0, 0, 81920, 81037, 0
2025/03/16 22:24:31.300, 0, 0, 81920, 81037, 0,0, 0, 81920, 81037, 0
2025/03/16 22:24:32.343, 0, 0, 81920, 81037, 0,0, 0, 81920, 81037, 0
2025/03/16 22:24:33.532, 0, 0, 81920, 81037, 0,0, 0, 81920, 81037, 0
2025/03/16 22:24:34.576, 0, 0, 81920, 81037, 0,0, 0, 81920, 81037, 0
2025/03/16 22:24:35.624, 0, 0, 81920, 81037, 0,0, 0, 81920, 81037, 0
2025/03/16 22:24:36.805, 0, 0, 81920, 81037, 0,0, 0, 81920, 81037, 0
2025/03/16 22:24:37.850, 0, 0, 81920, 81037, 0,0, 0, 81920, 81037, 0
2025/03/16 22:24:39.045, 0, 0, 81920, 81037, 0,0, 0, 81920, 81037, 0
2025/03/16 22:24:40.090, 0, 0, 81920, 81037, 0,0, 0, 81920, 81037, 0
2025/03/16 22:24:41.138, 0, 0, 81920, 81037, 0,0, 0, 81920, 81037, 0
2025/03/16 22:24:42.320, 0, 0, 81920, 81037, 0,0, 0, 81920, 81037, 0
2025/03/16 22:24:43.363, 0, 0, 81920, 81037, 0,0, 0, 81920, 81037, 0
2025/03/16 22:24:44.523, 0, 0, 81920, 81037, 0,0, 0, 81920, 81037, 0
2025/03/16 22:24:45.567, 0, 0, 81920, 81037, 0,0, 0, 81920, 81037, 0
2025/03/16 22:24:46.611, 0, 0, 81920, 81037, 0,0, 0, 81920, 81037, 0
2025/03/16 22:24:47.805, 0, 0, 81920, 81037, 0,0, 0, 81920, 81037, 0
2025/03/16 22:24:48.853, 0, 0, 81920, 81037, 0,0, 0, 81920, 81037, 0
2025/03/16 22:24:50.678, 0, 0, 81920, 81037, 0,0, 0, 81920, 81037, 0
2025/03/16 22:24:51.939, 0, 0, 81920, 81037, 0,0, 0, 81920, 81037, 0
2025/03/16 22:24:52.983, 0, 0, 81920, 81037, 0,0, 0, 81920, 81037, 0
2025/03/16 22:24:54.168, 0, 0, 81920, 81037, 0,0, 0, 81920, 81037, 0
2025/03/16 22:24:55.210, 0, 0, 81920, 81037, 0,0, 0, 81920, 81037, 0
2025/03/16 22:24:56.254, 0, 0, 81920, 81037, 0,0, 0, 81920, 81037, 0
2025/03/16 22:24:57.474, 0, 0, 81920, 81037, 0,0, 0, 81920, 81037, 0
2025/03/16 22:24:58.529, 0, 0, 81920, 81037, 0,0, 0, 81920, 81037, 0
2025/03/16 22:24:59.700, 0, 0, 81920, 81037, 0,0, 0, 81920, 81037, 0
2025/03/16 22:25:00.748, 0, 0, 81920, 81037, 0,0, 0, 81920, 81037, 0
2025/03/16 22:25:01.810, 0, 0, 81920, 81037, 0,0, 0, 81920, 81037, 0
2025/03/16 22:25:03.002, 0, 0, 81920, 81037, 0,0, 0, 81920, 81037, 0
2025/03/16 22:25:04.044, 0, 0, 81920, 81037, 0,0, 0, 81920, 81037, 0
2025/03/16 22:25:05.248, 0, 0, 81920, 81037, 0,0, 0, 81920, 81037, 0
2025/03/16 22:25:06.297, 0, 0, 81920, 81037, 0,0, 0, 81920, 81037, 0
2025/03/16 22:25:07.340, 0, 0, 81920, 81037, 0,0, 0, 81920, 81037, 0
2025/03/16 22:25:08.571, 0, 0, 81920, 81037, 0,0, 0, 81920, 81037, 0
2025/03/16 22:25:09.614, 0, 0, 81920, 81037, 0,0, 0, 81920, 81037, 0
2025/03/16 22:25:10.807, 0, 0, 81920, 81037, 0,0, 0, 81920, 81037, 0
2025/03/16 22:25:11.850, 0, 0, 81920, 81037, 0,0, 0, 81920, 81037, 0
2025/03/16 22:25:12.896, 0, 0, 81920, 81037, 0,0, 0, 81920, 81037, 0
2025/03/16 22:25:14.122, 0, 0, 81920, 81037, 0,0, 0, 81920, 81037, 0
2025/03/16 22:25:15.167, 0, 0, 81920, 81037, 0,0, 0, 81920, 81037, 0
2025/03/16 22:25:16.366, 0, 0, 81920, 81037, 0,0, 0, 81920, 81037, 0
2025/03/16 22:25:17.411, 0, 0, 81920, 81037, 0,0, 0, 81920, 81037, 0
2025/03/16 22:25:18.455, 0, 0, 81920, 81037, 0,0, 0, 81920, 81037, 0
2025/03/16 22:25:19.679, 0, 0, 81920, 81037, 0,0, 0, 81920, 81037, 0
2025/03/16 22:25:20.722, 0, 0, 81920, 81037, 0,0, 0, 81920, 81037, 0
2025/03/16 22:25:21.925, 0, 0, 81920, 81037, 0,0, 0, 81920, 81037, 0
2025/03/16 22:25:22.970, 0, 0, 81920, 81037, 0,0, 0, 81920, 81037, 0
2025/03/16 22:25:24.015, 0, 0, 81920, 81037, 0,0, 0, 81920, 81037, 0
2025/03/16 22:25:25.247, 0, 0, 81920, 81037, 0,0, 0, 81920, 81037, 0
2025/03/16 22:25:26.289, 0, 0, 81920, 81037, 0,0, 0, 81920, 81037, 0
2025/03/16 22:25:27.459, 0, 0, 81920, 81037, 0,0, 0, 81920, 81037, 0
2025/03/16 22:25:28.534, 0, 0, 81920, 81037, 0,0, 0, 81920, 81037, 0
2025/03/16 22:25:29.579, 0, 0, 81920, 81037, 0,0, 0, 81920, 81037, 0
2025/03/16 22:25:30.807, 0, 0, 81920, 81037, 0,0, 0, 81920, 81037, 0
2025/03/16 22:25:31.847, 0, 0, 81920, 81037, 0,0, 0, 81920, 81037, 0
2025/03/16 22:25:33.038, 0, 0, 81920, 81037, 0,0, 0, 81920, 81037, 0
2025/03/16 22:25:34.082, 0, 0, 81920, 81037, 0,0, 0, 81920, 81037, 0
2025/03/16 22:25:35.122, 0, 0, 81920, 81037, 0,0, 0, 81920, 81037, 0
2025/03/16 22:25:36.314, 0, 0, 81920, 81037, 0,0, 0, 81920, 81037, 0
2025/03/16 22:25:37.358, 0, 0, 81920, 81037, 0,0, 0, 81920, 81037, 0
2025/03/16 22:25:38.538, 0, 0, 81920, 81037, 0,0, 0, 81920, 81037, 0
2025/03/16 22:25:39.584, 0, 0, 81920, 81037, 0,0, 0, 81920, 81037, 0
2025/03/16 22:25:40.629, 0, 0, 81920, 81037, 0,0, 0, 81920, 81037, 0
2025/03/16 22:25:41.829, 0, 0, 81920, 81037, 0,0, 0, 81920, 81037, 0
2025/03/16 22:25:42.871, 0, 0, 81920, 81037, 0,0, 0, 81920, 81037, 0
2025/03/16 22:25:44.044, 0, 0, 81920, 81037, 0,0, 0, 81920, 81037, 0
2025/03/16 22:25:45.089, 0, 0, 81920, 81037, 0,0, 0, 81920, 81037, 0
2025/03/16 22:25:46.131, 0, 0, 81920, 81037, 0,0, 0, 81920, 81037, 0
2025/03/16 22:25:47.332, 0, 0, 81920, 81037, 0,0, 0, 81920, 81037, 0
2025/03/16 22:25:48.375, 0, 0, 81920, 81037, 0,0, 0, 81920, 81037, 0
2025/03/16 22:25:49.573, 0, 0, 81920, 81037, 0,0, 0, 81920, 81037, 0
2025/03/16 22:25:50.615, 0, 0, 81920, 81037, 0,0, 0, 81920, 81037, 0
2025/03/16 22:25:51.661, 0, 0, 81920, 81037, 0,0, 0, 81920, 81037, 0
2025/03/16 22:25:52.857, 0, 0, 81920, 81037, 0,0, 0, 81920, 81037, 0
2025/03/16 22:25:53.900, 0, 0, 81920, 81037, 0,0, 0, 81920, 81037, 0
2025/03/16 22:25:55.091, 0, 0, 81920, 81037, 0,0, 0, 81920, 81037, 0
2025/03/16 22:25:56.135, 0, 0, 81920, 81037, 0,0, 0, 81920, 81037, 0
2025/03/16 22:25:57.406, 0, 0, 81920, 81037, 0,0, 0, 81920, 81037, 0
2025/03/16 22:25:58.782, 0, 0, 81920, 81037, 0,0, 0, 81920, 81037, 0
2025/03/16 22:25:59.836, 0, 0, 81920, 81037, 0,0, 0, 81920, 81037, 0
2025/03/16 22:26:01.083, 0, 0, 81920, 81037, 0,0, 0, 81920, 81037, 0
2025/03/16 22:26:02.637, 0, 0, 81920, 81037, 0,0, 0, 81920, 81037, 0
2025/03/16 22:26:03.880, 0, 0, 81920, 81037, 0,0, 0, 81920, 81037, 0
2025/03/16 22:26:04.922, 0, 0, 81920, 81037, 0,0, 0, 81920, 81037, 0
2025/03/16 22:26:06.106, 0, 0, 81920, 81037, 0,0, 0, 81920, 81037, 0
2025/03/16 22:26:07.152, 0, 0, 81920, 81037, 0,0, 0, 81920, 81037, 0
2025/03/16 22:26:08.306, 0, 0, 81920, 81037, 0,0, 0, 81920, 81037, 0
2025/03/16 22:26:09.479, 0, 0, 81920, 81037, 0,0, 0, 81920, 81037, 0
2025/03/16 22:26:10.536, 0, 0, 81920, 81037, 0,0, 0, 81920, 81037, 0
2025/03/16 22:26:11.617, 0, 0, 81920, 81037, 0,0, 0, 81920, 81037, 0
2025/03/16 22:26:12.661, 0, 0, 81920, 81037, 0,0, 0, 81920, 81037, 0
2025/03/16 22:26:13.708, 0, 0, 81920, 81037, 0,0, 0, 81920, 81037, 0
2025/03/16 22:26:14.901, 0, 0, 81920, 81037, 0,0, 0, 81920, 81037, 0
2025/03/16 22:26:15.945, 0, 0, 81920, 81037, 0,0, 0, 81920, 81037, 0
2025/03/16 22:26:17.135, 0, 0, 81920, 81037, 0,0, 0, 81920, 81037, 0
2025/03/16 22:26:18.179, 0, 0, 81920, 81037, 0,0, 0, 81920, 81037, 0
2025/03/16 22:26:19.224, 0, 0, 81920, 81037, 0,0, 0, 81920, 81037, 0
2025/03/16 22:26:20.409, 0, 0, 81920, 81037, 0,0, 0, 81920, 81037, 0
2025/03/16 22:26:21.452, 0, 0, 81920, 81037, 0,0, 0, 81920, 81037, 0
2025/03/16 22:26:22.637, 0, 0, 81920, 81037, 0,0, 0, 81920, 81037, 0
2025/03/16 22:26:23.684, 0, 0, 81920, 81037, 0,0, 0, 81920, 81037, 0
2025/03/16 22:26:24.731, 0, 0, 81920, 81037, 0,0, 0, 81920, 81037, 0
2025/03/16 22:26:25.917, 0, 0, 81920, 81037, 0,0, 0, 81920, 81037, 0
2025/03/16 22:26:26.978, 0, 0, 81920, 81037, 0,0, 0, 81920, 81037, 0
2025/03/16 22:26:28.151, 0, 0, 81920, 81037, 0,0, 0, 81920, 81037, 0
2025/03/16 22:26:29.202, 0, 0, 81920, 81037, 0,0, 0, 81920, 81037, 0
2025/03/16 22:26:30.245, 0, 0, 81920, 81037, 0,0, 0, 81920, 81037, 0
2025/03/16 22:26:31.435, 0, 0, 81920, 81037, 0,0, 0, 81920, 81037, 0
2025/03/16 22:26:32.479, 0, 0, 81920, 81037, 0,0, 0, 81920, 81037, 0
2025/03/16 22:26:33.668, 0, 0, 81920, 81037, 0,0, 0, 81920, 81037, 0
2025/03/16 22:26:34.715, 0, 0, 81920, 81037, 0,0, 0, 81920, 81037, 0
2025/03/16 22:26:35.758, 0, 0, 81920, 81037, 0,0, 0, 81920, 81037, 0
2025/03/16 22:26:36.952, 0, 0, 81920, 81037, 0,0, 0, 81920, 81037, 0
2025/03/16 22:26:37.996, 0, 0, 81920, 81037, 0,0, 0, 81920, 81037, 0
2025/03/16 22:26:39.185, 0, 0, 81920, 81037, 0,0, 0, 81920, 81037, 0
2025/03/16 22:26:40.227, 0, 0, 81920, 81037, 0,0, 0, 81920, 81037, 0
2025/03/16 22:26:41.272, 0, 0, 81920, 81037, 0,0, 0, 81920, 81037, 0
2025/03/16 22:26:42.475, 0, 0, 81920, 81037, 0,0, 0, 81920, 81037, 0
2025/03/16 22:26:43.517, 0, 0, 81920, 81037, 0,0, 0, 81920, 81037, 0
2025/03/16 22:26:44.710, 0, 0, 81920, 81037, 0,0, 0, 81920, 81037, 0
2025/03/16 22:26:45.757, 0, 0, 81920, 81037, 0,0, 0, 81920, 81037, 0
2025/03/16 22:26:46.800, 0, 0, 81920, 81037, 0,0, 0, 81920, 81037, 0
2025/03/16 22:26:48.001, 0, 0, 81920, 81037, 0,0, 0, 81920, 81037, 0
2025/03/16 22:26:49.044, 0, 0, 81920, 81037, 0,0, 0, 81920, 81037, 0
2025/03/16 22:26:50.248, 0, 0, 81920, 81037, 0,0, 0, 81920, 81037, 0
2025/03/16 22:26:51.291, 0, 0, 81920, 81037, 0,0, 0, 81920, 81037, 0
2025/03/16 22:26:52.338, 0, 0, 81920, 81037, 0,0, 0, 81920, 81037, 0
2025/03/16 22:26:53.513, 0, 0, 81920, 81037, 0,0, 0, 81920, 81037, 0
2025/03/16 22:26:54.558, 0, 0, 81920, 81037, 0,0, 0, 81920, 81037, 0
2025/03/16 22:26:55.753, 0, 0, 81920, 81037, 0,0, 0, 81920, 81037, 0
2025/03/16 22:26:56.804, 0, 0, 81920, 81037, 0,0, 0, 81920, 81037, 0
2025/03/16 22:26:57.851, 0, 0, 81920, 81037, 0,0, 0, 81920, 81037, 0
2025/03/16 22:26:59.053, 0, 0, 81920, 81037, 0,0, 0, 81920, 81037, 0
2025/03/16 22:27:00.103, 0, 0, 81920, 81037, 0,0, 0, 81920, 81037, 0
2025/03/16 22:27:01.283, 0, 0, 81920, 81037, 0,0, 0, 81920, 81037, 0
2025/03/16 22:27:02.332, 0, 0, 81920, 81037, 0,0, 0, 81920, 81037, 0
2025/03/16 22:27:03.377, 0, 0, 81920, 81037, 0,0, 0, 81920, 81037, 0
2025/03/16 22:27:04.601, 0, 0, 81920, 81037, 0,0, 0, 81920, 81037, 0
2025/03/16 22:27:05.645, 0, 0, 81920, 81037, 0,0, 0, 81920, 81037, 0
2025/03/16 22:27:06.833, 0, 0, 81920, 81037, 0,0, 0, 81920, 81037, 0
2025/03/16 22:27:07.880, 0, 0, 81920, 81037, 0,0, 0, 81920, 81037, 0
2025/03/16 22:27:08.926, 0, 0, 81920, 81037, 0,0, 0, 81920, 81037, 0
2025/03/16 22:27:10.128, 0, 0, 81920, 81037, 0,0, 0, 81920, 81037, 0
2025/03/16 22:27:11.171, 0, 0, 81920, 81037, 0,0, 0, 81920, 81037, 0
2025/03/16 22:27:12.361, 0, 0, 81920, 81037, 0,0, 0, 81920, 81037, 0
2025/03/16 22:27:13.410, 0, 0, 81920, 81037, 0,0, 0, 81920, 81037, 0
2025/03/16 22:27:14.457, 0, 0, 81920, 81037, 0,0, 0, 81920, 81037, 0
2025/03/16 22:27:15.655, 0, 0, 81920, 81037, 0,0, 0, 81920, 81037, 0
2025/03/16 22:27:16.699, 0, 0, 81920, 81037, 0,0, 0, 81920, 81037, 0
2025/03/16 22:27:17.894, 0, 0, 81920, 81037, 0,0, 0, 81920, 81037, 0
2025/03/16 22:27:18.942, 0, 0, 81920, 81037, 0,0, 0, 81920, 81037, 0
2025/03/16 22:27:19.986, 0, 0, 81920, 81037, 0,0, 0, 81920, 81037, 0
2025/03/16 22:27:21.183, 0, 0, 81920, 81037, 0,0, 0, 81920, 81037, 0
2025/03/16 22:27:22.226, 0, 0, 81920, 81037, 0,0, 0, 81920, 81037, 0
2025/03/16 22:27:23.417, 0, 0, 81920, 81037, 0,0, 0, 81920, 81037, 0
2025/03/16 22:27:24.465, 0, 0, 81920, 81037, 0,0, 0, 81920, 81037, 0
2025/03/16 22:27:25.509, 0, 0, 81920, 81037, 0,0, 0, 81920, 81037, 0
2025/03/16 22:27:26.690, 0, 0, 81920, 81037, 0,0, 0, 81920, 81037, 0
2025/03/16 22:27:27.734, 0, 0, 81920, 81037, 0,0, 0, 81920, 81037, 0
2025/03/16 22:27:28.923, 0, 0, 81920, 81037, 0,0, 0, 81920, 81037, 0
2025/03/16 22:27:29.971, 0, 0, 81920, 81037, 0,0, 0, 81920, 81037, 0
2025/03/16 22:27:31.015, 0, 0, 81920, 81037, 0,0, 0, 81920, 81037, 0
2025/03/16 22:27:32.251, 0, 0, 81920, 81037, 0,0, 0, 81920, 81037, 0
2025/03/16 22:27:33.294, 0, 0, 81920, 81037, 0,0, 0, 81920, 81037, 0
2025/03/16 22:27:34.435, 0, 0, 81920, 81037, 0,0, 0, 81920, 81037, 0
2025/03/16 22:27:35.478, 0, 0, 81920, 81037, 0,0, 0, 81920, 81037, 0
2025/03/16 22:27:36.523, 0, 0, 81920, 81037, 0,0, 0, 81920, 81037, 0
2025/03/16 22:27:37.714, 0, 0, 81920, 81037, 0,0, 0, 81920, 81037, 0
2025/03/16 22:27:38.760, 0, 0, 81920, 81037, 0,0, 0, 81920, 81037, 0
2025/03/16 22:27:39.939, 0, 0, 81920, 81037, 0,0, 0, 81920, 81037, 0
2025/03/16 22:27:40.986, 0, 0, 81920, 81037, 0,0, 0, 81920, 81037, 0
2025/03/16 22:27:42.030, 0, 0, 81920, 81037, 0,0, 0, 81920, 81037, 0
2025/03/16 22:27:43.217, 0, 0, 81920, 81037, 0,0, 0, 81920, 81037, 0
2025/03/16 22:27:44.265, 0, 0, 81920, 81037, 0,0, 0, 81920, 81037, 0
2025/03/16 22:27:45.835, 0, 0, 81920, 81037, 0,0, 0, 81920, 81037, 0
2025/03/16 22:27:47.032, 0, 0, 81920, 81037, 0,0, 0, 81920, 81037, 0
2025/03/16 22:27:48.076, 0, 0, 81920, 81037, 0,0, 0, 81920, 81037, 0
2025/03/16 22:27:49.165, 0, 0, 81920, 81037, 0,0, 0, 81920, 81037, 0
2025/03/16 22:27:50.207, 0, 0, 81920, 81037, 0,0, 0, 81920, 81037, 0
2025/03/16 22:27:51.252, 0, 0, 81920, 81037, 0,0, 0, 81920, 81037, 0
2025/03/16 22:27:52.452, 0, 0, 81920, 81037, 0,0, 0, 81920, 81037, 0
2025/03/16 22:27:53.496, 0, 0, 81920, 81037, 0,0, 0, 81920, 81037, 0
2025/03/16 22:27:54.684, 0, 0, 81920, 81037, 0,0, 0, 81920, 81037, 0
2025/03/16 22:27:55.731, 0, 0, 81920, 81037, 0,0, 0, 81920, 81037, 0
2025/03/16 22:27:56.775, 0, 0, 81920, 81037, 0,0, 0, 81920, 81037, 0
2025/03/16 22:27:58.121, 0, 0, 81920, 81037, 0,0, 0, 81920, 81037, 0
2025/03/16 22:27:59.175, 0, 0, 81920, 81037, 0,0, 0, 81920, 81037, 0
2025/03/16 22:28:00.362, 0, 0, 81920, 81037, 0,0, 0, 81920, 81037, 0
2025/03/16 22:28:01.408, 0, 0, 81920, 81037, 0,0, 0, 81920, 81037, 0
2025/03/16 22:28:02.457, 0, 0, 81920, 81037, 0,0, 0, 81920, 81037, 0
2025/03/16 22:28:03.609, 0, 0, 81920, 81037, 0,0, 0, 81920, 81037, 0
2025/03/16 22:28:04.649, 0, 0, 81920, 81037, 0,0, 0, 81920, 81037, 0
2025/03/16 22:28:05.846, 0, 0, 81920, 81037, 0,0, 0, 81920, 81037, 0
2025/03/16 22:28:06.890, 0, 0, 81920, 81037, 0,0, 0, 81920, 81037, 0
2025/03/16 22:28:07.934, 0, 0, 81920, 81037, 0,0, 0, 81920, 81037, 0
2025/03/16 22:28:09.116, 0, 0, 81920, 81037, 0,0, 0, 81920, 81037, 0
2025/03/16 22:28:10.162, 0, 0, 81920, 81037, 0,0, 0, 81920, 81037, 0
2025/03/16 22:28:11.349, 0, 0, 81920, 81037, 0,0, 0, 81920, 81037, 0
2025/03/16 22:28:12.394, 0, 0, 81920, 81037, 0,0, 0, 81920, 81037, 0
2025/03/16 22:28:13.437, 0, 0, 81920, 81037, 0,0, 0, 81920, 81037, 0
2025/03/16 22:28:14.633, 0, 0, 81920, 81037, 0,0, 0, 81920, 81037, 0
2025/03/16 22:28:15.677, 0, 0, 81920, 81037, 0,0, 0, 81920, 81037, 0
2025/03/16 22:28:16.864, 0, 0, 81920, 81037, 0,0, 0, 81920, 81037, 0
2025/03/16 22:28:17.911, 0, 0, 81920, 81037, 0,0, 0, 81920, 81037, 0
2025/03/16 22:28:18.955, 0, 0, 81920, 81037, 0,0, 0, 81920, 81037, 0
2025/03/16 22:28:20.142, 0, 0, 81920, 81037, 0,0, 0, 81920, 81037, 0
2025/03/16 22:28:21.188, 0, 0, 81920, 81037, 0,0, 0, 81920, 81037, 0
2025/03/16 22:28:22.380, 0, 0, 81920, 81037, 0,0, 0, 81920, 81037, 0
2025/03/16 22:28:23.429, 0, 0, 81920, 81037, 0,0, 0, 81920, 81037, 0
2025/03/16 22:28:24.474, 0, 0, 81920, 81037, 0,0, 0, 81920, 81037, 0
2025/03/16 22:28:25.653, 0, 0, 81920, 81037, 0,0, 0, 81920, 81037, 0
2025/03/16 22:28:26.696, 0, 0, 81920, 81037, 0,0, 0, 81920, 81037, 0
2025/03/16 22:28:27.895, 0, 0, 81920, 81037, 0,0, 0, 81920, 81037, 0
2025/03/16 22:28:28.939, 0, 0, 81920, 81037, 0,0, 0, 81920, 81037, 0
2025/03/16 22:28:29.987, 0, 0, 81920, 81037, 0,0, 0, 81920, 81037, 0
2025/03/16 22:28:31.174, 0, 0, 81920, 81037, 0,0, 0, 81920, 81037, 0
2025/03/16 22:28:32.215, 0, 0, 81920, 81037, 0,0, 0, 81920, 81037, 0
2025/03/16 22:28:33.398, 0, 0, 81920, 81037, 0,0, 0, 81920, 81037, 0
2025/03/16 22:28:34.440, 0, 0, 81920, 81037, 0,0, 0, 81920, 81037, 0
2025/03/16 22:28:35.484, 0, 0, 81920, 81037, 0,0, 0, 81920, 81037, 0
2025/03/16 22:28:36.682, 0, 0, 81920, 81037, 0,0, 0, 81920, 81037, 0
2025/03/16 22:28:37.727, 0, 0, 81920, 81037, 0,0, 0, 81920, 81037, 0
2025/03/16 22:28:38.914, 0, 0, 81920, 81037, 0,0, 0, 81920, 81037, 0
2025/03/16 22:28:39.960, 0, 0, 81920, 81037, 0,0, 0, 81920, 81037, 0
2025/03/16 22:28:41.008, 0, 0, 81920, 81037, 0,0, 0, 81920, 81037, 0
2025/03/16 22:28:42.204, 0, 0, 81920, 81037, 0,0, 0, 81920, 81037, 0
2025/03/16 22:28:43.244, 0, 0, 81920, 81037, 0,0, 0, 81920, 81037, 0
2025/03/16 22:28:44.437, 0, 0, 81920, 81037, 0,0, 0, 81920, 81037, 0
2025/03/16 22:28:45.484, 0, 0, 81920, 81037, 0,0, 0, 81920, 81037, 0
2025/03/16 22:28:46.530, 0, 0, 81920, 81037, 0,0, 0, 81920, 81037, 0
2025/03/16 22:28:47.692, 0, 0, 81920, 81037, 0,0, 0, 81920, 81037, 0
2025/03/16 22:28:48.739, 0, 0, 81920, 81037, 0,0, 0, 81920, 81037, 0
2025/03/16 22:28:49.933, 0, 0, 81920, 81037, 0,0, 0, 81920, 81037, 0
2025/03/16 22:28:50.975, 0, 0, 81920, 81037, 0,0, 0, 81920, 81037, 0
2025/03/16 22:28:52.021, 0, 0, 81920, 81037, 0,0, 0, 81920, 81037, 0
2025/03/16 22:28:53.214, 0, 0, 81920, 81037, 0,0, 0, 81920, 81037, 0
2025/03/16 22:28:54.261, 0, 0, 81920, 81037, 0,0, 0, 81920, 81037, 0
2025/03/16 22:28:55.454, 0, 0, 81920, 81037, 0,0, 0, 81920, 81037, 0
2025/03/16 22:28:56.499, 0, 0, 81920, 81037, 0,0, 0, 81920, 81037, 0
2025/03/16 22:28:57.586, 0, 0, 81920, 81037, 0,0, 0, 81920, 81037, 0
2025/03/16 22:28:58.739, 0, 0, 81920, 81037, 0,0, 0, 81920, 81037, 0
2025/03/16 22:28:59.797, 0, 0, 81920, 81037, 0,0, 0, 81920, 81037, 0
2025/03/16 22:29:00.978, 0, 0, 81920, 81037, 0,0, 0, 81920, 81037, 0
2025/03/16 22:29:02.024, 0, 0, 81920, 81037, 0,0, 0, 81920, 81037, 0
2025/03/16 22:29:03.141, 0, 0, 81920, 81037, 0,0, 0, 81920, 81037, 0
2025/03/16 22:29:04.305, 0, 0, 81920, 81037, 0,0, 0, 81920, 81037, 0
2025/03/16 22:29:05.351, 0, 0, 81920, 81037, 0,0, 0, 81920, 81037, 0
2025/03/16 22:29:06.534, 0, 0, 81920, 81037, 0,0, 0, 81920, 81037, 0
2025/03/16 22:29:07.576, 0, 0, 81920, 81037, 0,0, 0, 81920, 81037, 0
2025/03/16 22:29:08.622, 0, 0, 81920, 81037, 0,0, 0, 81920, 81037, 0
2025/03/16 22:29:09.817, 0, 0, 81920, 81037, 0,0, 0, 81920, 81037, 0
2025/03/16 22:29:10.862, 0, 0, 81920, 81037, 0,0, 0, 81920, 81037, 0
2025/03/16 22:29:12.050, 0, 0, 81920, 81037, 0,0, 0, 81920, 81037, 0
2025/03/16 22:29:13.093, 0, 0, 81920, 81037, 0,0, 0, 81920, 81037, 0
2025/03/16 22:29:14.140, 0, 0, 81920, 81037, 0,0, 0, 81920, 81037, 0
2025/03/16 22:29:15.334, 0, 0, 81920, 81037, 0,0, 0, 81920, 81037, 0
2025/03/16 22:29:16.389, 0, 0, 81920, 81037, 0,0, 0, 81920, 81037, 0
2025/03/16 22:29:17.572, 0, 0, 81920, 81037, 0,0, 0, 81920, 81037, 0
2025/03/16 22:29:18.615, 0, 0, 81920, 81037, 0,0, 0, 81920, 81037, 0
2025/03/16 22:29:19.661, 0, 0, 81920, 81037, 0,0, 0, 81920, 81037, 0
2025/03/16 22:29:20.851, 0, 0, 81920, 81037, 0,0, 0, 81920, 81037, 0
2025/03/16 22:29:21.895, 0, 0, 81920, 81037, 0,0, 0, 81920, 81037, 0
2025/03/16 22:29:23.086, 0, 0, 81920, 81037, 0,0, 0, 81920, 81037, 0
2025/03/16 22:29:24.132, 0, 0, 81920, 81037, 0,0, 0, 81920, 81037, 0
2025/03/16 22:29:25.179, 0, 0, 81920, 81037, 0,0, 0, 81920, 81037, 0
2025/03/16 22:29:26.364, 0, 0, 81920, 81037, 0,0, 0, 81920, 81037, 0
2025/03/16 22:29:27.409, 0, 0, 81920, 81037, 0,0, 0, 81920, 81037, 0
2025/03/16 22:29:28.587, 0, 0, 81920, 81037, 0,0, 0, 81920, 81037, 0
2025/03/16 22:29:29.634, 0, 0, 81920, 81037, 0,0, 0, 81920, 81037, 0
2025/03/16 22:29:30.683, 0, 0, 81920, 81037, 0,0, 0, 81920, 81037, 0
2025/03/16 22:29:31.938, 0, 0, 81920, 81037, 0,0, 0, 81920, 81037, 0
2025/03/16 22:29:32.985, 0, 0, 81920, 81037, 0,0, 0, 81920, 81037, 0
2025/03/16 22:29:34.117, 0, 0, 81920, 81037, 0,0, 0, 81920, 81037, 0
2025/03/16 22:29:35.167, 0, 0, 81920, 81037, 0,0, 0, 81920, 81037, 0
2025/03/16 22:29:36.214, 0, 0, 81920, 81037, 0,0, 0, 81920, 81037, 0
2025/03/16 22:29:37.391, 0, 0, 81920, 81037, 0,0, 0, 81920, 81037, 0
2025/03/16 22:29:38.432, 0, 0, 81920, 81037, 0,0, 0, 81920, 81037, 0
2025/03/16 22:29:39.621, 0, 0, 81920, 81037, 0,0, 0, 81920, 81037, 0
2025/03/16 22:29:40.670, 0, 0, 81920, 81037, 0,0, 0, 81920, 81037, 0
2025/03/16 22:29:41.713, 0, 0, 81920, 81037, 0,0, 0, 81920, 81037, 0
2025/03/16 22:29:42.901, 0, 0, 81920, 81037, 0,0, 0, 81920, 81037, 0
2025/03/16 22:29:43.948, 0, 0, 81920, 81037, 0,0, 0, 81920, 81037, 0
2025/03/16 22:29:45.125, 0, 0, 81920, 81037, 0,0, 0, 81920, 81037, 0
2025/03/16 22:29:46.177, 0, 0, 81920, 81037, 0,0, 0, 81920, 81037, 0
2025/03/16 22:29:47.225, 0, 0, 81920, 81037, 0,0, 0, 81920, 81037, 0
2025/03/16 22:29:48.510, 0, 0, 81920, 81037, 0,0, 0, 81920, 81037, 0
2025/03/16 22:29:49.550, 0, 0, 81920, 81037, 0,0, 0, 81920, 81037, 0
2025/03/16 22:29:50.655, 0, 0, 81920, 81037, 0,0, 0, 81920, 81037, 0
2025/03/16 22:29:51.702, 0, 0, 81920, 81037, 0,0, 0, 81920, 81037, 0
2025/03/16 22:29:52.744, 0, 0, 81920, 81037, 0,0, 0, 81920, 81037, 0
2025/03/16 22:29:53.940, 0, 0, 81920, 81037, 0,0, 0, 81920, 81037, 0
2025/03/16 22:29:54.986, 0, 0, 81920, 81037, 0,0, 0, 81920, 81037, 0
2025/03/16 22:29:56.171, 0, 0, 81920, 81037, 0,0, 0, 81920, 81037, 0
2025/03/16 22:29:57.219, 0, 0, 81920, 81037, 0,0, 0, 81920, 81037, 0
2025/03/16 22:29:58.266, 0, 0, 81920, 81037, 0,0, 0, 81920, 81037, 0
2025/03/16 22:29:59.449, 0, 0, 81920, 81037, 0,0, 0, 81920, 81037, 0
2025/03/16 22:30:00.504, 0, 0, 81920, 81037, 0,0, 0, 81920, 81037, 0
2025/03/16 22:30:01.686, 0, 0, 81920, 81037, 0,0, 0, 81920, 81037, 0
2025/03/16 22:30:02.730, 0, 0, 81920, 81037, 0,0, 0, 81920, 81037, 0
2025/03/16 22:30:03.772, 0, 0, 81920, 81037, 0,0, 0, 81920, 81037, 0
2025/03/16 22:30:04.963, 0, 0, 81920, 81037, 0,0, 0, 81920, 81037, 0
2025/03/16 22:30:06.007, 0, 0, 81920, 81037, 0,0, 0, 81920, 81037, 0
2025/03/16 22:30:07.195, 0, 0, 81920, 81037, 0,0, 0, 81920, 81037, 0
2025/03/16 22:30:08.241, 0, 0, 81920, 81037, 0,0, 0, 81920, 81037, 0
2025/03/16 22:30:09.284, 0, 0, 81920, 81037, 0,0, 0, 81920, 81037, 0
2025/03/16 22:30:10.472, 0, 0, 81920, 81037, 0,0, 0, 81920, 81037, 0
2025/03/16 22:30:11.523, 0, 0, 81920, 81037, 0,0, 0, 81920, 81037, 0
2025/03/16 22:30:12.701, 0, 0, 81920, 81037, 0,0, 0, 81920, 81037, 0
2025/03/16 22:30:13.745, 0, 0, 81920, 81037, 0,0, 0, 81920, 81037, 0
2025/03/16 22:30:14.788, 0, 0, 81920, 81037, 0,0, 0, 81920, 81037, 0
2025/03/16 22:30:15.980, 0, 0, 81920, 81037, 0,0, 0, 81920, 81037, 0
2025/03/16 22:30:17.027, 0, 0, 81920, 81037, 0,0, 0, 81920, 81037, 0
2025/03/16 22:30:18.212, 0, 0, 81920, 81037, 0,0, 0, 81920, 81037, 0
2025/03/16 22:30:19.257, 0, 0, 81920, 81037, 0,0, 0, 81920, 81037, 0
2025/03/16 22:30:20.300, 0, 0, 81920, 81037, 0,0, 0, 81920, 81037, 0
2025/03/16 22:30:21.499, 0, 0, 81920, 81037, 0,0, 0, 81920, 81037, 0
2025/03/16 22:30:22.542, 0, 0, 81920, 81037, 0,0, 0, 81920, 81037, 0
2025/03/16 22:30:23.735, 0, 0, 81920, 81037, 0,0, 0, 81920, 81037, 0
2025/03/16 22:30:24.779, 0, 0, 81920, 81037, 0,0, 0, 81920, 81037, 0
2025/03/16 22:30:25.828, 0, 0, 81920, 81037, 0,0, 0, 81920, 81037, 0
2025/03/16 22:30:27.374, 0, 0, 81920, 81037, 0,0, 0, 81920, 81037, 0
2025/03/16 22:30:28.444, 0, 0, 81920, 81037, 0,0, 0, 81920, 81037, 0
2025/03/16 22:30:29.500, 0, 0, 81920, 81037, 0,0, 0, 81920, 81037, 0
2025/03/16 22:30:30.745, 0, 0, 81920, 81037, 0,0, 0, 81920, 81037, 0
2025/03/16 22:30:31.823, 0, 0, 81920, 81037, 0,0, 0, 81920, 81037, 0
2025/03/16 22:30:32.991, 0, 0, 81920, 81037, 0,0, 0, 81920, 81037, 0
2025/03/16 22:30:34.040, 0, 0, 81920, 81037, 0,0, 0, 81920, 81037, 0
2025/03/16 22:30:35.085, 0, 0, 81920, 81037, 0,0, 0, 81920, 81037, 0
2025/03/16 22:30:36.301, 0, 0, 81920, 81037, 0,0, 0, 81920, 81037, 0
2025/03/16 22:30:37.343, 0, 0, 81920, 81037, 0,0, 0, 81920, 81037, 0
2025/03/16 22:30:38.546, 0, 0, 81920, 81037, 0,0, 0, 81920, 81037, 0
2025/03/16 22:30:39.593, 0, 0, 81920, 81037, 0,0, 0, 81920, 81037, 0
2025/03/16 22:30:40.640, 0, 0, 81920, 81037, 0,0, 0, 81920, 81037, 0
2025/03/16 22:30:41.837, 0, 0, 81920, 81037, 0,0, 0, 81920, 81037, 0
2025/03/16 22:30:42.884, 0, 0, 81920, 81037, 0,0, 0, 81920, 81037, 0
2025/03/16 22:30:44.092, 0, 0, 81920, 81037, 0,0, 0, 81920, 81037, 0
2025/03/16 22:30:45.136, 0, 0, 81920, 81037, 0,0, 0, 81920, 81037, 0
2025/03/16 22:30:46.182, 0, 0, 81920, 81037, 0,0, 0, 81920, 81037, 0
2025/03/16 22:30:47.398, 0, 0, 81920, 81037, 0,0, 0, 81920, 81037, 0
2025/03/16 22:30:48.443, 0, 0, 81920, 81037, 0,0, 0, 81920, 81037, 0
2025/03/16 22:30:49.639, 0, 0, 81920, 81037, 0,0, 0, 81920, 81037, 0
2025/03/16 22:30:50.687, 0, 0, 81920, 81037, 0,0, 0, 81920, 81037, 0
2025/03/16 22:30:51.730, 0, 0, 81920, 81037, 0,0, 0, 81920, 81037, 0
2025/03/16 22:30:52.947, 0, 0, 81920, 81037, 0,0, 0, 81920, 81037, 0
2025/03/16 22:30:53.991, 0, 0, 81920, 81037, 0,0, 0, 81920, 81037, 0
2025/03/16 22:30:55.191, 0, 0, 81920, 81037, 0,0, 0, 81920, 81037, 0
2025/03/16 22:30:56.232, 0, 0, 81920, 81037, 0,0, 0, 81920, 81037, 0
2025/03/16 22:30:57.337, 0, 0, 81920, 81037, 0,0, 0, 81920, 81037, 0
2025/03/16 22:30:58.493, 0, 0, 81920, 81037, 0,0, 0, 81920, 81037, 0
2025/03/16 22:30:59.536, 0, 0, 81920, 81037, 0,0, 0, 81920, 81037, 0
2025/03/16 22:31:00.752, 0, 0, 81920, 81037, 0,0, 0, 81920, 81037, 0
2025/03/16 22:31:02.211, 0, 0, 81920, 81037, 0,0, 0, 81920, 81037, 0
2025/03/16 22:31:03.255, 0, 0, 81920, 81037, 0,0, 0, 81920, 81037, 0
2025/03/16 22:31:04.407, 0, 0, 81920, 81037, 0,0, 0, 81920, 81037, 0
2025/03/16 22:31:05.455, 0, 0, 81920, 81037, 0,0, 0, 81920, 81037, 0
2025/03/16 22:31:06.497, 0, 0, 81920, 81037, 0,0, 0, 81920, 81037, 0
2025/03/16 22:31:07.711, 0, 0, 81920, 81037, 0,0, 0, 81920, 81037, 0
2025/03/16 22:31:08.754, 0, 0, 81920, 81037, 0,0, 0, 81920, 81037, 0
2025/03/16 22:31:09.954, 0, 0, 81920, 81037, 0,0, 0, 81920, 81037, 0
2025/03/16 22:31:10.998, 0, 0, 81920, 81037, 0,0, 0, 81920, 81037, 0
2025/03/16 22:31:12.047, 0, 0, 81920, 81037, 0,0, 0, 81920, 81037, 0
2025/03/16 22:31:13.259, 0, 0, 81920, 81037, 0,0, 0, 81920, 81037, 0
2025/03/16 22:31:14.302, 0, 0, 81920, 81037, 0,0, 0, 81920, 81037, 0
2025/03/16 22:31:15.518, 0, 0, 81920, 81037, 0,0, 0, 81920, 81037, 0
2025/03/16 22:31:16.566, 0, 0, 81920, 81037, 0,0, 0, 81920, 81037, 0
2025/03/16 22:31:17.612, 0, 0, 81920, 81037, 0,0, 0, 81920, 81037, 0
2025/03/16 22:31:18.818, 0, 0, 81920, 81037, 0,0, 0, 81920, 81037, 0
2025/03/16 22:31:19.861, 0, 0, 81920, 81037, 0,0, 0, 81920, 81037, 0
2025/03/16 22:31:21.058, 0, 0, 81920, 81037, 0,0, 0, 81920, 81037, 0
2025/03/16 22:31:22.103, 0, 0, 81920, 81037, 0,0, 0, 81920, 81037, 0
2025/03/16 22:31:23.149, 0, 0, 81920, 81037, 0,0, 0, 81920, 81037, 0
2025/03/16 22:31:24.356, 0, 0, 81920, 81037, 0,0, 0, 81920, 81037, 0
2025/03/16 22:31:25.401, 0, 0, 81920, 81037, 0,0, 0, 81920, 81037, 0
2025/03/16 22:31:26.598, 0, 0, 81920, 81037, 0,0, 0, 81920, 81037, 0
2025/03/16 22:31:27.645, 0, 0, 81920, 81037, 0,0, 0, 81920, 81037, 0
2025/03/16 22:31:28.781, 0, 0, 81920, 81037, 0,0, 0, 81920, 81037, 0
2025/03/16 22:31:30.039, 0, 0, 81920, 81037, 0,0, 0, 81920, 81037, 0
2025/03/16 22:31:31.087, 0, 0, 81920, 81037, 0,0, 0, 81920, 81037, 0
2025/03/16 22:31:32.191, 0, 0, 81920, 81037, 0,0, 0, 81920, 81037, 0
2025/03/16 22:31:33.235, 0, 0, 81920, 81037, 0,0, 0, 81920, 81037, 0
2025/03/16 22:31:34.337, 0, 0, 81920, 81037, 0,0, 0, 81920, 81037, 0
2025/03/16 22:31:35.599, 0, 0, 81920, 81037, 0,0, 0, 81920, 81037, 0
2025/03/16 22:31:36.642, 0, 0, 81920, 81037, 0,0, 0, 81920, 81037, 0
2025/03/16 22:31:37.842, 0, 0, 81920, 81037, 0,0, 0, 81920, 81037, 0
2025/03/16 22:31:38.887, 0, 0, 81920, 81037, 0,0, 0, 81920, 81037, 0
2025/03/16 22:31:39.933, 0, 0, 81920, 81037, 0,0, 0, 81920, 81037, 0
2025/03/16 22:31:41.155, 0, 0, 81920, 81037, 0,0, 0, 81920, 81037, 0
2025/03/16 22:31:42.195, 0, 0, 81920, 81037, 0,0, 0, 81920, 81037, 0
2025/03/16 22:31:43.377, 0, 0, 81920, 81037, 0,0, 0, 81920, 81037, 0
2025/03/16 22:31:44.427, 0, 0, 81920, 81037, 0,0, 0, 81920, 81037, 0
2025/03/16 22:31:45.476, 0, 0, 81920, 81037, 0,0, 0, 81920, 81037, 0
2025/03/16 22:31:46.678, 0, 0, 81920, 81037, 0,0, 0, 81920, 81037, 0
2025/03/16 22:31:47.719, 0, 0, 81920, 81037, 0,0, 0, 81920, 81037, 0
2025/03/16 22:31:48.920, 0, 0, 81920, 81037, 0,0, 0, 81920, 81037, 0
2025/03/16 22:31:49.966, 0, 0, 81920, 81037, 0,0, 0, 81920, 81037, 0
2025/03/16 22:31:51.017, 0, 0, 81920, 81037, 0,0, 0, 81920, 81037, 0
2025/03/16 22:31:52.212, 0, 0, 81920, 81037, 0,0, 0, 81920, 81037, 0
2025/03/16 22:31:53.255, 0, 0, 81920, 81037, 0,0, 0, 81920, 81037, 0
2025/03/16 22:31:54.457, 0, 0, 81920, 81037, 0,0, 0, 81920, 81037, 0
2025/03/16 22:31:55.502, 0, 0, 81920, 81037, 0,0, 0, 81920, 81037, 0
2025/03/16 22:31:56.547, 0, 0, 81920, 81037, 0,0, 0, 81920, 81037, 0
2025/03/16 22:31:57.764, 0, 0, 81920, 81037, 0,0, 0, 81920, 81037, 0
2025/03/16 22:31:58.807, 0, 0, 81920, 81037, 0,0, 0, 81920, 81037, 0
2025/03/16 22:31:59.989, 0, 0, 81920, 81037, 0,0, 0, 81920, 81037, 0
2025/03/16 22:32:01.058, 0, 0, 81920, 81037, 0,0, 0, 81920, 81037, 0
2025/03/16 22:32:02.137, 0, 0, 81920, 81037, 0,0, 0, 81920, 81037, 0
2025/03/16 22:32:03.308, 0, 0, 81920, 81037, 0,0, 0, 81920, 81037, 0
2025/03/16 22:32:04.351, 0, 0, 81920, 81037, 0,0, 0, 81920, 81037, 0
2025/03/16 22:32:05.548, 0, 0, 81920, 81037, 0,0, 0, 81920, 81037, 0
2025/03/16 22:32:06.594, 0, 0, 81920, 81037, 0,0, 0, 81920, 81037, 0
2025/03/16 22:32:07.641, 0, 0, 81920, 81037, 0,0, 0, 81920, 81037, 0
2025/03/16 22:32:08.846, 0, 0, 81920, 81037, 0,0, 0, 81920, 81037, 0
2025/03/16 22:32:09.891, 0, 0, 81920, 81037, 0,0, 0, 81920, 81037, 0
2025/03/16 22:32:11.073, 0, 0, 81920, 81037, 0,0, 0, 81920, 81037, 0
2025/03/16 22:32:12.124, 0, 0, 81920, 81037, 0,0, 0, 81920, 81037, 0
2025/03/16 22:32:13.170, 0, 0, 81920, 81037, 0,0, 0, 81920, 81037, 0
2025/03/16 22:32:14.385, 0, 0, 81920, 81037, 0,0, 0, 81920, 81037, 0
2025/03/16 22:32:15.429, 0, 0, 81920, 81037, 0,0, 0, 81920, 81037, 0
2025/03/16 22:32:16.627, 0, 0, 81920, 81037, 0,0, 0, 81920, 81037, 0
2025/03/16 22:32:17.668, 0, 0, 81920, 81037, 0,0, 0, 81920, 81037, 0
2025/03/16 22:32:18.715, 0, 0, 81920, 81037, 0,0, 0, 81920, 81037, 0
2025/03/16 22:32:19.912, 0, 0, 81920, 81037, 0,0, 0, 81920, 81037, 0
2025/03/16 22:32:20.956, 0, 0, 81920, 81037, 0,0, 0, 81920, 81037, 0
2025/03/16 22:32:22.152, 0, 0, 81920, 81037, 0,0, 0, 81920, 81037, 0
2025/03/16 22:32:23.195, 0, 0, 81920, 81037, 0,0, 0, 81920, 81037, 0
2025/03/16 22:32:24.240, 0, 0, 81920, 81037, 0,0, 0, 81920, 81037, 0
2025/03/16 22:32:25.461, 0, 0, 81920, 81037, 0,0, 0, 81920, 81037, 0
2025/03/16 22:32:26.505, 0, 0, 81920, 81037, 0,0, 0, 81920, 81037, 0
2025/03/16 22:32:27.635, 0, 0, 81920, 81037, 0,0, 0, 81920, 81037, 0
2025/03/16 22:32:28.679, 0, 0, 81920, 81037, 0,0, 0, 81920, 81037, 0
2025/03/16 22:32:29.761, 0, 0, 81920, 81037, 0,0, 0, 81920, 81037, 0
2025/03/16 22:32:31.023, 0, 0, 81920, 81037, 0,0, 0, 81920, 81037, 0
2025/03/16 22:32:32.072, 0, 0, 81920, 81037, 0,0, 0, 81920, 81037, 0
2025/03/16 22:32:33.298, 0, 0, 81920, 81037, 0,0, 0, 81920, 81037, 0
2025/03/16 22:32:34.343, 0, 0, 81920, 81037, 0,0, 0, 81920, 81037, 0
2025/03/16 22:32:35.389, 0, 0, 81920, 81037, 0,0, 0, 81920, 81037, 0
2025/03/16 22:32:36.591, 0, 0, 81920, 81037, 0,0, 0, 81920, 81037, 0
2025/03/16 22:32:37.632, 0, 0, 81920, 81037, 0,0, 0, 81920, 81037, 0
2025/03/16 22:32:38.840, 0, 0, 81920, 81037, 0,0, 0, 81920, 81037, 0
2025/03/16 22:32:39.890, 0, 0, 81920, 81037, 0,0, 0, 81920, 81037, 0
2025/03/16 22:32:40.937, 0, 0, 81920, 81037, 0,0, 0, 81920, 81037, 0
2025/03/16 22:32:42.132, 0, 0, 81920, 81037, 0,0, 0, 81920, 81037, 0
2025/03/16 22:32:43.175, 0, 0, 81920, 81037, 0,0, 0, 81920, 81037, 0
2025/03/16 22:32:44.393, 0, 0, 81920, 81037, 0,0, 0, 81920, 81037, 0
2025/03/16 22:32:45.438, 0, 0, 81920, 81037, 0,0, 0, 81920, 81037, 0
2025/03/16 22:32:46.483, 0, 0, 81920, 81037, 0,0, 0, 81920, 81037, 0
2025/03/16 22:32:47.690, 0, 0, 81920, 81037, 0,0, 0, 81920, 81037, 0
2025/03/16 22:32:48.733, 0, 0, 81920, 81037, 0,0, 0, 81920, 81037, 0
2025/03/16 22:32:49.935, 0, 0, 81920, 81037, 0,0, 0, 81920, 81037, 0
2025/03/16 22:32:50.978, 0, 0, 81920, 81037, 0,0, 0, 81920, 81037, 0
2025/03/16 22:32:52.024, 0, 0, 81920, 81037, 0,0, 0, 81920, 81037, 0
2025/03/16 22:32:53.214, 0, 0, 81920, 81037, 0,0, 0, 81920, 81037, 0
2025/03/16 22:32:54.258, 0, 0, 81920, 81037, 0,0, 0, 81920, 81037, 0
2025/03/16 22:32:55.456, 0, 0, 81920, 81037, 0,0, 0, 81920, 81037, 0
2025/03/16 22:32:56.505, 0, 0, 81920, 81037, 0,0, 0, 81920, 81037, 0
2025/03/16 22:32:57.603, 0, 0, 81920, 81037, 0,0, 0, 81920, 81037, 0
2025/03/16 22:32:58.774, 0, 0, 81920, 81037, 0,0, 0, 81920, 81037, 0
2025/03/16 22:32:59.819, 0, 0, 81920, 81037, 0,0, 0, 81920, 81037, 0
2025/03/16 22:33:01.007, 0, 0, 81920, 81037, 0,0, 0, 81920, 81037, 0
2025/03/16 22:33:02.063, 0, 0, 81920, 81037, 0,0, 0, 81920, 81037, 0
2025/03/16 22:33:03.117, 0, 0, 81920, 81037, 0,0, 0, 81920, 81037, 0
2025/03/16 22:33:04.322, 0, 0, 81920, 81037, 0,0, 0, 81920, 81037, 0
2025/03/16 22:33:05.362, 0, 0, 81920, 81037, 0,0, 0, 81920, 81037, 0
2025/03/16 22:33:06.563, 0, 0, 81920, 81037, 0,0, 0, 81920, 81037, 0
2025/03/16 22:33:07.609, 0, 0, 81920, 81037, 0,0, 0, 81920, 81037, 0
2025/03/16 22:33:08.654, 0, 0, 81920, 81037, 0,0, 0, 81920, 81037, 0
2025/03/16 22:33:09.871, 0, 0, 81920, 81037, 0,0, 0, 81920, 81037, 0
2025/03/16 22:33:10.916, 0, 0, 81920, 81037, 0,0, 0, 81920, 81037, 0
2025/03/16 22:33:12.118, 0, 0, 81920, 81037, 0,0, 0, 81920, 81037, 0
2025/03/16 22:33:13.167, 0, 0, 81920, 81037, 0,0, 0, 81920, 81037, 0
2025/03/16 22:33:14.210, 0, 0, 81920, 81037, 0,0, 0, 81920, 81037, 0
2025/03/16 22:33:15.419, 0, 0, 81920, 81037, 0,0, 0, 81920, 81037, 0
2025/03/16 22:33:16.462, 0, 0, 81920, 81037, 0,0, 0, 81920, 81037, 0
2025/03/16 22:33:17.667, 0, 0, 81920, 81037, 0,0, 0, 81920, 81037, 0
2025/03/16 22:33:18.713, 0, 0, 81920, 81037, 0,0, 0, 81920, 81037, 0
2025/03/16 22:33:19.759, 0, 0, 81920, 81037, 0,0, 0, 81920, 81037, 0
2025/03/16 22:33:20.938, 0, 0, 81920, 81037, 0,0, 0, 81920, 81037, 0
2025/03/16 22:33:21.980, 0, 0, 81920, 81037, 0,0, 0, 81920, 81037, 0
2025/03/16 22:33:23.187, 0, 0, 81920, 81037, 0,0, 0, 81920, 81037, 0
2025/03/16 22:33:24.234, 0, 0, 81920, 81037, 0,0, 0, 81920, 81037, 0
2025/03/16 22:33:25.281, 0, 0, 81920, 81037, 0,0, 0, 81920, 81037, 0
2025/03/16 22:33:26.484, 0, 0, 81920, 81037, 0,0, 0, 81920, 81037, 0
2025/03/16 22:33:27.528, 0, 0, 81920, 81037, 0,0, 0, 81920, 81037, 0
2025/03/16 22:33:28.663, 0, 0, 81920, 81037, 0,0, 0, 81920, 81037, 0
2025/03/16 22:33:29.707, 0, 0, 81920, 81037, 0,0, 0, 81920, 81037, 0
2025/03/16 22:33:30.810, 0, 0, 81920, 81037, 0,0, 0, 81920, 81037, 0
2025/03/16 22:33:32.141, 0, 0, 81920, 81037, 0,0, 0, 81920, 81037, 0
2025/03/16 22:33:33.185, 0, 0, 81920, 81037, 0,0, 0, 81920, 81037, 0
2025/03/16 22:33:34.327, 0, 0, 81920, 81037, 0,0, 0, 81920, 81037, 0
2025/03/16 22:33:35.373, 0, 0, 81920, 81037, 0,0, 0, 81920, 81037, 0
2025/03/16 22:33:36.415, 0, 0, 81920, 81037, 0,0, 0, 81920, 81037, 0
2025/03/16 22:33:37.634, 0, 0, 81920, 81037, 0,0, 0, 81920, 81037, 0
2025/03/16 22:33:38.680, 0, 0, 81920, 81037, 0,0, 0, 81920, 81037, 0
2025/03/16 22:33:39.883, 0, 0, 81920, 81037, 0,0, 0, 81920, 81037, 0
2025/03/16 22:33:40.930, 0, 0, 81920, 81037, 0,0, 0, 81920, 81037, 0
2025/03/16 22:33:41.974, 0, 0, 81920, 81037, 0,0, 0, 81920, 81037, 0
2025/03/16 22:33:43.190, 0, 0, 81920, 81037, 0,0, 0, 81920, 81037, 0
2025/03/16 22:33:44.232, 0, 0, 81920, 81037, 0,0, 0, 81920, 81037, 0
2025/03/16 22:33:45.437, 0, 0, 81920, 81037, 0,0, 0, 81920, 81037, 0
2025/03/16 22:33:46.484, 0, 0, 81920, 81037, 0,0, 0, 81920, 81037, 0
2025/03/16 22:33:47.529, 0, 0, 81920, 81037, 0,0, 0, 81920, 81037, 0
2025/03/16 22:33:48.748, 0, 0, 81920, 81037, 0,0, 0, 81920, 81037, 0
2025/03/16 22:33:49.790, 0, 0, 81920, 81037, 0,0, 0, 81920, 81037, 0
2025/03/16 22:33:50.990, 0, 0, 81920, 81037, 0,0, 0, 81920, 81037, 0
2025/03/16 22:33:52.035, 0, 0, 81920, 81037, 0,0, 0, 81920, 81037, 0
2025/03/16 22:33:53.080, 0, 0, 81920, 81037, 0,0, 0, 81920, 81037, 0
2025/03/16 22:33:54.292, 0, 0, 81920, 81037, 0,0, 0, 81920, 81037, 0
2025/03/16 22:33:55.335, 0, 0, 81920, 81037, 0,0, 0, 81920, 81037, 0
2025/03/16 22:33:56.541, 0, 0, 81920, 81037, 0,0, 0, 81920, 81037, 0
2025/03/16 22:33:57.584, 0, 0, 81920, 81037, 0,0, 0, 81920, 81037, 0
2025/03/16 22:33:58.717, 0, 0, 81920, 81037, 0,0, 0, 81920, 81037, 0
2025/03/16 22:33:59.978, 0, 0, 81920, 81037, 0,0, 0, 81920, 81037, 0
2025/03/16 22:34:01.022, 0, 0, 81920, 81037, 0,0, 0, 81920, 81037, 0
2025/03/16 22:34:02.141, 0, 0, 81920, 81037, 0,0, 0, 81920, 81037, 0
2025/03/16 22:34:03.193, 0, 0, 81920, 81037, 0,0, 0, 81920, 81037, 0
2025/03/16 22:34:04.275, 0, 0, 81920, 81037, 0,0, 0, 81920, 81037, 0
2025/03/16 22:34:05.540, 0, 0, 81920, 81037, 0,0, 0, 81920, 81037, 0
2025/03/16 22:34:06.587, 0, 0, 81920, 81037, 0,0, 0, 81920, 81037, 0
2025/03/16 22:34:07.788, 0, 0, 81920, 81037, 0,0, 0, 81920, 81037, 0
2025/03/16 22:34:08.832, 0, 0, 81920, 81037, 0,0, 0, 81920, 81037, 0
2025/03/16 22:34:09.879, 0, 0, 81920, 81037, 0,0, 0, 81920, 81037, 0
2025/03/16 22:34:11.095, 0, 0, 81920, 81037, 0,0, 0, 81920, 81037, 0
2025/03/16 22:34:12.144, 0, 0, 81920, 81037, 0,0, 0, 81920, 81037, 0
2025/03/16 22:34:13.349, 0, 0, 81920, 81037, 0,0, 0, 81920, 81037, 0
2025/03/16 22:34:14.398, 0, 0, 81920, 81037, 0,0, 0, 81920, 81037, 0
2025/03/16 22:34:15.444, 0, 0, 81920, 81037, 0,0, 0, 81920, 81037, 0
2025/03/16 22:34:16.658, 0, 0, 81920, 81037, 0,0, 0, 81920, 81037, 0
2025/03/16 22:34:17.703, 0, 0, 81920, 81037, 0,0, 0, 81920, 81037, 0
2025/03/16 22:34:18.904, 0, 0, 81920, 81037, 0,0, 0, 81920, 81037, 0
2025/03/16 22:34:19.950, 0, 0, 81920, 81037, 0,0, 0, 81920, 81037, 0
2025/03/16 22:34:20.993, 0, 0, 81920, 81037, 0,0, 0, 81920, 81037, 0
2025/03/16 22:34:22.193, 0, 0, 81920, 81037, 0,0, 0, 81920, 81037, 0
2025/03/16 22:34:23.234, 0, 0, 81920, 81037, 0,0, 0, 81920, 81037, 0
2025/03/16 22:34:24.439, 0, 0, 81920, 81037, 0,0, 0, 81920, 81037, 0
2025/03/16 22:34:25.484, 0, 0, 81920, 81037, 0,0, 0, 81920, 81037, 0
2025/03/16 22:34:26.738, 0, 0, 81920, 81037, 0,0, 0, 81920, 81037, 0
2025/03/16 22:34:28.108, 0, 0, 81920, 81037, 0,0, 0, 81920, 81037, 0
2025/03/16 22:34:29.157, 0, 0, 81920, 81037, 0,0, 0, 81920, 81037, 0
2025/03/16 22:34:30.201, 0, 0, 81920, 81037, 0,0, 0, 81920, 81037, 0
2025/03/16 22:34:31.430, 0, 0, 81920, 81037, 0,0, 0, 81920, 81037, 0
2025/03/16 22:34:32.477, 0, 0, 81920, 81037, 0,0, 0, 81920, 81037, 0
2025/03/16 22:34:33.674, 0, 0, 81920, 81037, 0,0, 0, 81920, 81037, 0
2025/03/16 22:34:34.725, 0, 0, 81920, 81037, 0,0, 0, 81920, 81037, 0
2025/03/16 22:34:35.769, 0, 0, 81920, 81037, 0,0, 0, 81920, 81037, 0
2025/03/16 22:34:36.971, 0, 0, 81920, 81037, 0,0, 0, 81920, 81037, 0
2025/03/16 22:34:38.019, 0, 0, 81920, 81037, 0,0, 0, 81920, 81037, 0
2025/03/16 22:34:39.216, 0, 0, 81920, 81037, 0,0, 0, 81920, 81037, 0
2025/03/16 22:34:40.260, 0, 0, 81920, 81037, 0,0, 0, 81920, 81037, 0
2025/03/16 22:34:41.302, 0, 0, 81920, 81037, 0,0, 0, 81920, 81037, 0
2025/03/16 22:34:42.530, 0, 0, 81920, 81037, 0,0, 0, 81920, 81037, 0
2025/03/16 22:34:43.572, 0, 0, 81920, 81037, 0,0, 0, 81920, 81037, 0
2025/03/16 22:34:44.778, 0, 0, 81920, 81037, 0,0, 0, 81920, 81037, 0
2025/03/16 22:34:45.821, 0, 0, 81920, 81037, 0,0, 0, 81920, 81037, 0
2025/03/16 22:34:46.869, 0, 0, 81920, 81037, 0,0, 0, 81920, 81037, 0
2025/03/16 22:34:48.077, 0, 0, 81920, 81037, 0,0, 0, 81920, 81037, 0
2025/03/16 22:34:49.121, 0, 0, 81920, 81037, 0,0, 0, 81920, 81037, 0
2025/03/16 22:34:50.326, 0, 0, 81920, 81037, 0,0, 0, 81920, 81037, 0
2025/03/16 22:34:51.369, 0, 0, 81920, 81037, 0,0, 0, 81920, 81037, 0
2025/03/16 22:34:52.413, 0, 0, 81920, 81037, 0,0, 0, 81920, 81037, 0
2025/03/16 22:34:53.644, 0, 0, 81920, 81037, 0,0, 0, 81920, 81037, 0
2025/03/16 22:34:54.685, 0, 0, 81920, 81037, 0,0, 0, 81920, 81037, 0
2025/03/16 22:34:55.894, 0, 0, 81920, 81037, 0,0, 0, 81920, 81037, 0
2025/03/16 22:34:56.966, 0, 0, 81920, 81037, 0,0, 0, 81920, 81037, 0
2025/03/16 22:34:58.011, 0, 0, 81920, 81037, 0,0, 0, 81920, 81037, 0
2025/03/16 22:34:59.199, 0, 0, 81920, 81037, 0,0, 0, 81920, 81037, 0
2025/03/16 22:35:00.246, 0, 0, 81920, 81037, 0,0, 0, 81920, 81037, 0
2025/03/16 22:35:01.452, 0, 0, 81920, 81037, 0,0, 0, 81920, 81037, 0
2025/03/16 22:35:02.516, 0, 0, 81920, 81037, 0,0, 0, 81920, 81037, 0
2025/03/16 22:35:03.572, 0, 0, 81920, 81037, 0,0, 0, 81920, 81037, 0
2025/03/16 22:35:04.808, 0, 0, 81920, 81037, 0,0, 0, 81920, 81037, 0
2025/03/16 22:35:05.852, 0, 0, 81920, 81037, 0,0, 0, 81920, 81037, 0
2025/03/16 22:35:07.050, 0, 0, 81920, 81037, 0,0, 0, 81920, 81037, 0
2025/03/16 22:35:08.095, 0, 0, 81920, 81037, 0,0, 0, 81920, 81037, 0
2025/03/16 22:35:09.140, 0, 0, 81920, 81037, 0,0, 0, 81920, 81037, 0
2025/03/16 22:35:10.361, 0, 0, 81920, 81037, 0,0, 0, 81920, 81037, 0
2025/03/16 22:35:11.406, 0, 0, 81920, 81037, 0,0, 0, 81920, 81037, 0
2025/03/16 22:35:12.631, 0, 0, 81920, 81037, 0,0, 0, 81920, 81037, 0
2025/03/16 22:35:13.677, 0, 0, 81920, 81037, 0,0, 0, 81920, 81037, 0
2025/03/16 22:35:14.724, 0, 0, 81920, 81037, 0,0, 0, 81920, 81037, 0
2025/03/16 22:35:15.926, 0, 0, 81920, 81037, 0,0, 0, 81920, 81037, 0
2025/03/16 22:35:16.971, 0, 0, 81920, 81037, 0,0, 0, 81920, 81037, 0
2025/03/16 22:35:18.167, 0, 0, 81920, 81037, 0,0, 0, 81920, 81037, 0
2025/03/16 22:35:19.210, 0, 0, 81920, 81037, 0,0, 0, 81920, 81037, 0
2025/03/16 22:35:20.255, 0, 0, 81920, 81037, 0,0, 0, 81920, 81037, 0
2025/03/16 22:35:21.478, 0, 0, 81920, 81037, 0,0, 0, 81920, 81037, 0
2025/03/16 22:35:22.519, 0, 0, 81920, 81037, 0,0, 0, 81920, 81037, 0
2025/03/16 22:35:23.703, 0, 0, 81920, 81037, 0,0, 0, 81920, 81037, 0
2025/03/16 22:35:24.746, 0, 0, 81920, 81037, 0,0, 0, 81920, 81037, 0
2025/03/16 22:35:25.792, 0, 0, 81920, 81037, 0,0, 0, 81920, 81037, 0
2025/03/16 22:35:27.394, 0, 0, 81920, 81037, 0,0, 0, 81920, 81037, 0
2025/03/16 22:35:28.440, 0, 0, 81920, 81037, 0,0, 0, 81920, 81037, 0
2025/03/16 22:35:29.484, 0, 0, 81920, 81037, 0,0, 0, 81920, 81037, 0
2025/03/16 22:35:30.700, 0, 0, 81920, 81037, 0,0, 0, 81920, 81037, 0
2025/03/16 22:35:31.746, 0, 0, 81920, 81037, 0,0, 0, 81920, 81037, 0
2025/03/16 22:35:32.953, 0, 0, 81920, 81037, 0,0, 0, 81920, 81037, 0
2025/03/16 22:35:33.995, 0, 0, 81920, 81037, 0,0, 0, 81920, 81037, 0
2025/03/16 22:35:35.052, 0, 0, 81920, 81037, 0,0, 0, 81920, 81037, 0
2025/03/16 22:35:36.255, 0, 0, 81920, 81037, 0,0, 0, 81920, 81037, 0
2025/03/16 22:35:37.300, 0, 0, 81920, 81037, 0,0, 0, 81920, 81037, 0
2025/03/16 22:35:38.504, 0, 0, 81920, 81037, 0,0, 0, 81920, 81037, 0
2025/03/16 22:35:39.553, 0, 0, 81920, 81037, 0,0, 0, 81920, 81037, 0
2025/03/16 22:35:40.600, 0, 0, 81920, 81037, 0,0, 0, 81920, 81037, 0
2025/03/16 22:35:41.819, 0, 0, 81920, 81037, 0,0, 0, 81920, 81037, 0
2025/03/16 22:35:42.864, 0, 0, 81920, 81037, 0,0, 0, 81920, 81037, 0
2025/03/16 22:35:44.050, 0, 0, 81920, 81037, 0,0, 0, 81920, 81037, 0
2025/03/16 22:35:45.094, 0, 0, 81920, 81037, 0,0, 0, 81920, 81037, 0
2025/03/16 22:35:46.140, 0, 0, 81920, 81037, 0,0, 0, 81920, 81037, 0
2025/03/16 22:35:47.369, 0, 0, 81920, 81037, 0,0, 0, 81920, 81037, 0
2025/03/16 22:35:48.413, 0, 0, 81920, 81037, 0,0, 0, 81920, 81037, 0
2025/03/16 22:35:49.626, 0, 0, 81920, 81037, 0,0, 0, 81920, 81037, 0
2025/03/16 22:35:50.673, 0, 0, 81920, 81037, 0,0, 0, 81920, 81037, 0
2025/03/16 22:35:51.717, 0, 0, 81920, 81037, 0,0, 0, 81920, 81037, 0
2025/03/16 22:35:52.929, 0, 0, 81920, 81037, 0,0, 0, 81920, 81037, 0
2025/03/16 22:35:53.972, 0, 0, 81920, 81037, 0,0, 0, 81920, 81037, 0
2025/03/16 22:35:55.174, 0, 0, 81920, 81037, 0,0, 0, 81920, 81037, 0
2025/03/16 22:35:56.219, 0, 0, 81920, 81037, 0,0, 0, 81920, 81037, 0
2025/03/16 22:35:57.359, 0, 0, 81920, 81037, 0,0, 0, 81920, 81037, 0
2025/03/16 22:35:58.490, 0, 0, 81920, 81037, 0,0, 0, 81920, 81037, 0
2025/03/16 22:35:59.521, 0, 0, 81920, 81037, 0,0, 0, 81920, 81037, 0
2025/03/16 22:36:02.128, 0, 0, 81920, 81037, 0,0, 0, 81920, 81037, 0
2025/03/16 22:36:03.208, 0, 0, 81920, 81037, 0,0, 0, 81920, 81037, 0
2025/03/16 22:36:04.249, 0, 0, 81920, 81037, 0,0, 0, 81920, 81037, 0
2025/03/16 22:36:05.359, 0, 0, 81920, 81037, 0,0, 0, 81920, 81037, 0
2025/03/16 22:36:06.416, 0, 0, 81920, 81037, 0,0, 0, 81920, 81037, 0
2025/03/16 22:36:07.511, 0, 0, 81920, 81037, 0,0, 0, 81920, 81037, 0
2025/03/16 22:36:08.779, 0, 0, 81920, 81037, 0,0, 0, 81920, 81037, 0
2025/03/16 22:36:09.822, 0, 0, 81920, 81037, 0,0, 0, 81920, 81037, 0
2025/03/16 22:36:11.029, 0, 0, 81920, 81037, 0,0, 0, 81920, 81037, 0
2025/03/16 22:36:12.085, 0, 0, 81920, 81037, 0,0, 0, 81920, 81037, 0
2025/03/16 22:36:13.133, 0, 0, 81920, 81037, 0,0, 0, 81920, 81037, 0
2025/03/16 22:36:14.300, 0, 0, 81920, 81037, 0,0, 0, 81920, 81037, 0
2025/03/16 22:36:15.342, 0, 0, 81920, 81037, 0,0, 0, 81920, 81037, 0
2025/03/16 22:36:16.545, 0, 0, 81920, 81037, 0,0, 0, 81920, 81037, 0
2025/03/16 22:36:17.590, 0, 0, 81920, 81037, 0,0, 0, 81920, 81037, 0
2025/03/16 22:36:18.636, 0, 0, 81920, 81037, 0,0, 0, 81920, 81037, 0
2025/03/16 22:36:19.836, 0, 0, 81920, 81037, 0,0, 0, 81920, 81037, 0
2025/03/16 22:36:20.880, 0, 0, 81920, 81037, 0,0, 0, 81920, 81037, 0
2025/03/16 22:36:22.082, 0, 0, 81920, 81037, 0,0, 0, 81920, 81037, 0
2025/03/16 22:36:23.131, 0, 0, 81920, 81037, 0,0, 0, 81920, 81037, 0
2025/03/16 22:36:24.180, 0, 0, 81920, 81037, 0,0, 0, 81920, 81037, 0
2025/03/16 22:36:25.387, 0, 0, 81920, 81037, 0,0, 0, 81920, 81037, 0
2025/03/16 22:36:26.430, 0, 0, 81920, 81037, 0,0, 0, 81920, 81037, 0
2025/03/16 22:36:27.562, 0, 0, 81920, 81037, 0,0, 0, 81920, 81037, 0
2025/03/16 22:36:28.631, 0, 0, 81920, 81037, 0,0, 0, 81920, 81037, 0
2025/03/16 22:36:29.688, 0, 0, 81920, 81037, 0,0, 0, 81920, 81037, 0
2025/03/16 22:36:30.935, 0, 0, 81920, 81037, 0,0, 0, 81920, 81037, 0
2025/03/16 22:36:31.980, 0, 0, 81920, 81037, 0,0, 0, 81920, 81037, 0
2025/03/16 22:36:33.208, 0, 0, 81920, 81037, 0,0, 0, 81920, 81037, 0
2025/03/16 22:36:34.255, 0, 0, 81920, 81037, 0,0, 0, 81920, 81037, 0
2025/03/16 22:36:35.314, 0, 0, 81920, 81037, 0,0, 0, 81920, 81037, 0
2025/03/16 22:36:36.514, 0, 0, 81920, 81037, 0,0, 0, 81920, 81037, 0
2025/03/16 22:36:37.557, 0, 0, 81920, 81037, 0,0, 0, 81920, 81037, 0
2025/03/16 22:36:38.768, 0, 0, 81920, 81037, 0,0, 0, 81920, 81037, 0
2025/03/16 22:36:39.812, 0, 0, 81920, 81037, 0,0, 0, 81920, 81037, 0
2025/03/16 22:36:40.858, 0, 0, 81920, 81037, 0,0, 0, 81920, 81037, 0
2025/03/16 22:36:42.091, 0, 0, 81920, 81037, 0,0, 0, 81920, 81037, 0
2025/03/16 22:36:43.134, 0, 0, 81920, 81037, 0,0, 0, 81920, 81037, 0
2025/03/16 22:36:44.342, 0, 0, 81920, 81037, 0,0, 0, 81920, 81037, 0
2025/03/16 22:36:45.390, 0, 0, 81920, 81037, 0,0, 0, 81920, 81037, 0
2025/03/16 22:36:46.430, 0, 0, 81920, 81037, 0,0, 0, 81920, 81037, 0
2025/03/16 22:36:47.662, 0, 0, 81920, 81037, 0,0, 0, 81920, 81037, 0
2025/03/16 22:36:48.705, 0, 0, 81920, 81037, 0,0, 0, 81920, 81037, 0
2025/03/16 22:36:49.910, 0, 0, 81920, 81037, 0,0, 0, 81920, 81037, 0
2025/03/16 22:36:50.955, 0, 0, 81920, 81037, 0,0, 0, 81920, 81037, 0
2025/03/16 22:36:51.999, 0, 0, 81920, 81037, 0,0, 0, 81920, 81037, 0
2025/03/16 22:36:53.220, 0, 0, 81920, 81037, 0,0, 0, 81920, 81037, 0
2025/03/16 22:36:54.261, 0, 0, 81920, 81037, 0,0, 0, 81920, 81037, 0
2025/03/16 22:36:55.460, 0, 0, 81920, 81037, 0,0, 0, 81920, 81037, 0
2025/03/16 22:36:56.504, 0, 0, 81920, 81037, 0,0, 0, 81920, 81037, 0
2025/03/16 22:36:57.611, 0, 0, 81920, 81037, 0,0, 0, 81920, 81037, 0
2025/03/16 22:36:58.767, 0, 0, 81920, 81037, 0,0, 0, 81920, 81037, 0
2025/03/16 22:36:59.811, 0, 0, 81920, 81037, 0,0, 0, 81920, 81037, 0
2025/03/16 22:37:01.020, 0, 0, 81920, 81037, 0,0, 0, 81920, 81037, 0
2025/03/16 22:37:02.067, 0, 0, 81920, 81037, 0,0, 0, 81920, 81037, 0
2025/03/16 22:37:03.120, 0, 0, 81920, 81037, 0,0, 0, 81920, 81037, 0
2025/03/16 22:37:04.332, 0, 0, 81920, 81037, 0,0, 0, 81920, 81037, 0
2025/03/16 22:37:05.372, 0, 0, 81920, 81037, 0,0, 0, 81920, 81037, 0
2025/03/16 22:37:06.586, 0, 0, 81920, 81037, 0,0, 0, 81920, 81037, 0
2025/03/16 22:37:07.634, 0, 0, 81920, 81037, 0,0, 0, 81920, 81037, 0
2025/03/16 22:37:08.678, 0, 0, 81920, 81037, 0,0, 0, 81920, 81037, 0
2025/03/16 22:37:09.873, 0, 0, 81920, 81037, 0,0, 0, 81920, 81037, 0
2025/03/16 22:37:10.918, 0, 0, 81920, 81037, 0,0, 0, 81920, 81037, 0
2025/03/16 22:37:12.120, 0, 0, 81920, 81037, 0,0, 0, 81920, 81037, 0
2025/03/16 22:37:13.165, 0, 0, 81920, 81037, 0,0, 0, 81920, 81037, 0
2025/03/16 22:37:14.208, 0, 0, 81920, 81037, 0,0, 0, 81920, 81037, 0
2025/03/16 22:37:15.434, 0, 0, 81920, 81037, 0,0, 0, 81920, 81037, 0
2025/03/16 22:37:16.479, 0, 0, 81920, 81037, 0,0, 0, 81920, 81037, 0
2025/03/16 22:37:17.679, 0, 0, 81920, 81037, 0,0, 0, 81920, 81037, 0
2025/03/16 22:37:18.723, 0, 0, 81920, 81037, 0,0, 0, 81920, 81037, 0
2025/03/16 22:37:19.768, 0, 0, 81920, 81037, 0,0, 0, 81920, 81037, 0
2025/03/16 22:37:20.970, 0, 0, 81920, 81037, 0,0, 0, 81920, 81037, 0
2025/03/16 22:37:22.014, 0, 0, 81920, 81037, 0,0, 0, 81920, 81037, 0
2025/03/16 22:37:23.216, 0, 0, 81920, 81037, 0,0, 0, 81920, 81037, 0
2025/03/16 22:37:24.261, 0, 0, 81920, 81037, 0,0, 0, 81920, 81037, 0
2025/03/16 22:37:25.307, 0, 0, 81920, 81037, 0,0, 0, 81920, 81037, 0
2025/03/16 22:37:26.514, 0, 0, 81920, 81037, 0,0, 0, 81920, 81037, 0
2025/03/16 22:37:27.559, 0, 0, 81920, 81037, 0,0, 0, 81920, 81037, 0
2025/03/16 22:37:28.759, 0, 0, 81920, 81037, 0,0, 0, 81920, 81037, 0
2025/03/16 22:37:29.808, 0, 0, 81920, 81037, 0,0, 0, 81920, 81037, 0
2025/03/16 22:37:30.850, 0, 0, 81920, 81037, 0,0, 0, 81920, 81037, 0
2025/03/16 22:37:32.095, 0, 0, 81920, 81037, 0,0, 0, 81920, 81037, 0
2025/03/16 22:37:33.137, 0, 0, 81920, 81037, 0,0, 0, 81920, 81037, 0
2025/03/16 22:37:34.306, 0, 0, 81920, 81037, 0,0, 0, 81920, 81037, 0
2025/03/16 22:37:35.356, 0, 0, 81920, 81037, 0,0, 0, 81920, 81037, 0
2025/03/16 22:37:36.401, 0, 0, 81920, 81037, 0,0, 0, 81920, 81037, 0
2025/03/16 22:37:37.609, 0, 0, 81920, 81037, 0,0, 0, 81920, 81037, 0
2025/03/16 22:37:38.653, 0, 0, 81920, 81037, 0,0, 0, 81920, 81037, 0
2025/03/16 22:37:39.854, 0, 0, 81920, 81037, 0,0, 0, 81920, 81037, 0
2025/03/16 22:37:40.902, 0, 0, 81920, 81037, 0,0, 0, 81920, 81037, 0
2025/03/16 22:37:41.949, 0, 0, 81920, 81037, 0,0, 0, 81920, 81037, 0
2025/03/16 22:37:43.163, 0, 0, 81920, 81037, 0,0, 0, 81920, 81037, 0
2025/03/16 22:37:44.210, 0, 0, 81920, 81037, 0,0, 0, 81920, 81037, 0
2025/03/16 22:37:45.403, 0, 0, 81920, 81037, 0,0, 0, 81920, 81037, 0
2025/03/16 22:37:46.447, 0, 0, 81920, 81037, 0,0, 0, 81920, 81037, 0
2025/03/16 22:37:47.493, 0, 0, 81920, 81037, 0,0, 0, 81920, 81037, 0
2025/03/16 22:37:48.693, 0, 0, 81920, 81037, 0,0, 0, 81920, 81037, 0
2025/03/16 22:37:49.736, 0, 0, 81920, 81037, 0,0, 0, 81920, 81037, 0
2025/03/16 22:37:50.931, 0, 0, 81920, 81037, 0,0, 0, 81920, 81037, 0
2025/03/16 22:37:51.972, 0, 0, 81920, 81037, 0,0, 0, 81920, 81037, 0
2025/03/16 22:37:53.014, 0, 0, 81920, 81037, 0,0, 0, 81920, 81037, 0
2025/03/16 22:37:54.228, 0, 0, 81920, 81037, 0,0, 0, 81920, 81037, 0
2025/03/16 22:37:55.271, 0, 0, 81920, 81037, 0,0, 0, 81920, 81037, 0
2025/03/16 22:37:56.472, 0, 0, 81920, 81037, 0,0, 0, 81920, 81037, 0
2025/03/16 22:37:57.520, 0, 0, 81920, 81037, 0,0, 0, 81920, 81037, 0
2025/03/16 22:37:58.589, 0, 0, 81920, 81037, 0,0, 0, 81920, 81037, 0
2025/03/16 22:37:59.851, 0, 0, 81920, 81037, 0,0, 0, 81920, 81037, 0
2025/03/16 22:38:00.895, 0, 0, 81920, 81037, 0,0, 0, 81920, 81037, 0
2025/03/16 22:38:02.114, 0, 0, 81920, 81037, 0,0, 0, 81920, 81037, 0
2025/03/16 22:38:03.634, 0, 0, 81920, 81037, 0,0, 0, 81920, 81037, 0
2025/03/16 22:38:04.682, 0, 0, 81920, 81037, 0,0, 0, 81920, 81037, 0
2025/03/16 22:38:05.792, 0, 0, 81920, 81037, 0,0, 0, 81920, 81037, 0
2025/03/16 22:38:06.840, 0, 0, 81920, 81037, 0,0, 0, 81920, 81037, 0
2025/03/16 22:38:07.884, 0, 0, 81920, 81037, 0,0, 0, 81920, 81037, 0
2025/03/16 22:38:09.117, 0, 0, 81920, 81037, 0,0, 0, 81920, 81037, 0
2025/03/16 22:38:10.161, 0, 0, 81920, 81037, 0,0, 0, 81920, 81037, 0
2025/03/16 22:38:11.347, 0, 0, 81920, 81037, 0,0, 0, 81920, 81037, 0
2025/03/16 22:38:12.392, 0, 0, 81920, 81037, 0,0, 0, 81920, 81037, 0
2025/03/16 22:38:13.437, 0, 0, 81920, 81037, 0,0, 0, 81920, 81037, 0
2025/03/16 22:38:14.670, 0, 0, 81920, 81037, 0,0, 0, 81920, 81037, 0
2025/03/16 22:38:15.713, 0, 0, 81920, 81037, 0,0, 0, 81920, 81037, 0
2025/03/16 22:38:16.914, 0, 0, 81920, 81037, 0,0, 0, 81920, 81037, 0
2025/03/16 22:38:17.959, 0, 0, 81920, 81037, 0,0, 0, 81920, 81037, 0
2025/03/16 22:38:19.001, 0, 0, 81920, 81037, 0,0, 0, 81920, 81037, 0
2025/03/16 22:38:20.236, 0, 0, 81920, 81037, 0,0, 0, 81920, 81037, 0
2025/03/16 22:38:21.276, 0, 0, 81920, 81037, 0,0, 0, 81920, 81037, 0
2025/03/16 22:38:22.471, 0, 0, 81920, 81037, 0,0, 0, 81920, 81037, 0
2025/03/16 22:38:23.519, 0, 0, 81920, 81037, 0,0, 0, 81920, 81037, 0
2025/03/16 22:38:24.565, 0, 0, 81920, 81037, 0,0, 0, 81920, 81037, 0
2025/03/16 22:38:25.797, 0, 0, 81920, 81037, 0,0, 0, 81920, 81037, 0
2025/03/16 22:38:26.840, 0, 0, 81920, 81037, 0,0, 0, 81920, 81037, 0
2025/03/16 22:38:28.043, 0, 0, 81920, 81037, 0,0, 0, 81920, 81037, 0
2025/03/16 22:38:29.086, 0, 0, 81920, 81037, 0,0, 0, 81920, 81037, 0
2025/03/16 22:38:30.130, 0, 0, 81920, 81037, 0,0, 0, 81920, 81037, 0
2025/03/16 22:38:31.335, 0, 0, 81920, 81037, 0,0, 0, 81920, 81037, 0
2025/03/16 22:38:32.383, 0, 0, 81920, 81037, 0,0, 0, 81920, 81037, 0
2025/03/16 22:38:33.587, 0, 0, 81920, 81037, 0,0, 0, 81920, 81037, 0
2025/03/16 22:38:34.633, 0, 0, 81920, 81037, 0,0, 0, 81920, 81037, 0
2025/03/16 22:38:35.679, 0, 0, 81920, 81037, 0,0, 0, 81920, 81037, 0
2025/03/16 22:38:36.894, 0, 0, 81920, 81037, 0,0, 0, 81920, 81037, 0
2025/03/16 22:38:37.938, 0, 0, 81920, 81037, 0,0, 0, 81920, 81037, 0
2025/03/16 22:38:39.149, 0, 0, 81920, 81037, 0,0, 0, 81920, 81037, 0
2025/03/16 22:38:40.191, 0, 0, 81920, 81037, 0,0, 0, 81920, 81037, 0
2025/03/16 22:38:41.236, 0, 0, 81920, 81037, 0,0, 0, 81920, 81037, 0
2025/03/16 22:38:42.459, 0, 0, 81920, 81037, 0,0, 0, 81920, 81037, 0
2025/03/16 22:38:43.503, 0, 0, 81920, 81037, 0,0, 0, 81920, 81037, 0
2025/03/16 22:38:44.707, 0, 0, 81920, 81037, 0,0, 0, 81920, 81037, 0
2025/03/16 22:38:45.755, 0, 0, 81920, 81037, 0,0, 0, 81920, 81037, 0
2025/03/16 22:38:46.798, 0, 0, 81920, 81037, 0,0, 0, 81920, 81037, 0
2025/03/16 22:38:48.035, 0, 0, 81920, 81037, 0,0, 0, 81920, 81037, 0
2025/03/16 22:38:49.084, 0, 0, 81920, 81037, 0,0, 0, 81920, 81037, 0
2025/03/16 22:38:50.278, 0, 0, 81920, 81037, 0,0, 0, 81920, 81037, 0
2025/03/16 22:38:51.324, 0, 0, 81920, 81037, 0,0, 0, 81920, 81037, 0
2025/03/16 22:38:52.373, 0, 0, 81920, 81037, 0,0, 0, 81920, 81037, 0
2025/03/16 22:38:53.581, 0, 0, 81920, 81037, 0,0, 0, 81920, 81037, 0
2025/03/16 22:38:54.622, 0, 0, 81920, 81037, 0,0, 0, 81920, 81037, 0
2025/03/16 22:38:55.825, 0, 0, 81920, 81037, 0,0, 0, 81920, 81037, 0
2025/03/16 22:38:56.869, 0, 0, 81920, 81037, 0,0, 0, 81920, 81037, 0
2025/03/16 22:38:57.978, 0, 0, 81920, 81037, 0,0, 0, 81920, 81037, 0
2025/03/16 22:38:59.141, 0, 0, 81920, 81037, 0,0, 0, 81920, 81037, 0
2025/03/16 22:39:00.187, 0, 0, 81920, 81037, 0,0, 0, 81920, 81037, 0
2025/03/16 22:39:01.386, 0, 0, 81920, 81037, 0,0, 0, 81920, 81037, 0
2025/03/16 22:39:02.432, 0, 0, 81920, 81037, 0,0, 0, 81920, 81037, 0
2025/03/16 22:39:03.506, 0, 0, 81920, 81037, 0,0, 0, 81920, 81037, 0
2025/03/16 22:39:04.788, 0, 0, 81920, 81037, 0,0, 0, 81920, 81037, 0
2025/03/16 22:39:05.831, 0, 0, 81920, 81037, 0,0, 0, 81920, 81037, 0
2025/03/16 22:39:07.017, 0, 0, 81920, 81037, 0,0, 0, 81920, 81037, 0
2025/03/16 22:39:08.061, 0, 0, 81920, 81037, 0,0, 0, 81920, 81037, 0
2025/03/16 22:39:09.108, 0, 0, 81920, 81037, 0,0, 0, 81920, 81037, 0
2025/03/16 22:39:10.315, 0, 0, 81920, 81037, 0,0, 0, 81920, 81037, 0
2025/03/16 22:39:11.355, 0, 0, 81920, 81037, 0,0, 0, 81920, 81037, 0
2025/03/16 22:39:12.557, 0, 0, 81920, 81037, 0,0, 0, 81920, 81037, 0
2025/03/16 22:39:13.605, 0, 0, 81920, 81037, 0,0, 0, 81920, 81037, 0
2025/03/16 22:39:14.650, 0, 0, 81920, 81037, 0,0, 0, 81920, 81037, 0
2025/03/16 22:39:15.866, 0, 0, 81920, 81037, 0,0, 0, 81920, 81037, 0
2025/03/16 22:39:16.909, 0, 0, 81920, 81037, 0,0, 0, 81920, 81037, 0
2025/03/16 22:39:18.112, 0, 0, 81920, 81037, 0,0, 0, 81920, 81037, 0
2025/03/16 22:39:19.155, 0, 0, 81920, 81037, 0,0, 0, 81920, 81037, 0
2025/03/16 22:39:20.200, 0, 0, 81920, 81037, 0,0, 0, 81920, 81037, 0
2025/03/16 22:39:21.417, 0, 0, 81920, 81037, 0,0, 0, 81920, 81037, 0
2025/03/16 22:39:22.461, 0, 0, 81920, 81037, 0,0, 0, 81920, 81037, 0
2025/03/16 22:39:23.665, 0, 0, 81920, 81037, 0,0, 0, 81920, 81037, 0
2025/03/16 22:39:24.714, 0, 0, 81920, 81037, 0,0, 0, 81920, 81037, 0
2025/03/16 22:39:25.759, 0, 0, 81920, 81037, 0,0, 0, 81920, 81037, 0
2025/03/16 22:39:27.062, 0, 0, 81920, 81037, 0,0, 0, 81920, 81037, 0
2025/03/16 22:39:28.105, 0, 0, 81920, 81037, 0,0, 0, 81920, 81037, 0
2025/03/16 22:39:29.224, 0, 0, 81920, 81037, 0,0, 0, 81920, 81037, 0
2025/03/16 22:39:30.270, 0, 0, 81920, 81037, 0,0, 0, 81920, 81037, 0
2025/03/16 22:39:31.315, 0, 0, 81920, 81037, 0,0, 0, 81920, 81037, 0
2025/03/16 22:39:32.516, 0, 0, 81920, 81037, 0,0, 0, 81920, 81037, 0
2025/03/16 22:39:33.562, 0, 0, 81920, 81037, 0,0, 0, 81920, 81037, 0
2025/03/16 22:39:34.765, 0, 0, 81920, 81037, 0,0, 0, 81920, 81037, 0
2025/03/16 22:39:35.812, 0, 0, 81920, 81037, 0,0, 0, 81920, 81037, 0
2025/03/16 22:39:36.855, 0, 0, 81920, 81037, 0,0, 0, 81920, 81037, 0
2025/03/16 22:39:38.075, 0, 0, 81920, 81037, 0,0, 0, 81920, 81037, 0
2025/03/16 22:39:39.117, 0, 0, 81920, 81037, 0,0, 0, 81920, 81037, 0
2025/03/16 22:39:40.320, 0, 0, 81920, 81037, 0,0, 0, 81920, 81037, 0
2025/03/16 22:39:41.368, 0, 0, 81920, 81037, 0,0, 0, 81920, 81037, 0
2025/03/16 22:39:42.415, 0, 0, 81920, 81037, 0,0, 0, 81920, 81037, 0
2025/03/16 22:39:43.627, 0, 0, 81920, 81037, 0,0, 0, 81920, 81037, 0
2025/03/16 22:39:44.675, 0, 0, 81920, 81037, 0,0, 0, 81920, 81037, 0
2025/03/16 22:39:45.874, 0, 0, 81920, 81037, 0,0, 0, 81920, 81037, 0
2025/03/16 22:39:46.919, 0, 0, 81920, 81037, 0,0, 0, 81920, 81037, 0
2025/03/16 22:39:47.966, 0, 0, 81920, 81037, 0,0, 0, 81920, 81037, 0
2025/03/16 22:39:49.182, 0, 0, 81920, 81037, 0,0, 0, 81920, 81037, 0
2025/03/16 22:39:50.227, 0, 0, 81920, 81037, 0,0, 0, 81920, 81037, 0
2025/03/16 22:39:51.430, 0, 0, 81920, 81037, 0,0, 0, 81920, 81037, 0
2025/03/16 22:39:52.476, 0, 0, 81920, 81037, 0,0, 0, 81920, 81037, 0
2025/03/16 22:39:53.518, 0, 0, 81920, 81037, 0,0, 0, 81920, 81037, 0
2025/03/16 22:39:54.748, 0, 0, 81920, 81037, 0,0, 0, 81920, 81037, 0
2025/03/16 22:39:55.795, 0, 0, 81920, 81037, 0,0, 0, 81920, 81037, 0
2025/03/16 22:39:57.103, 0, 0, 81920, 81037, 0,0, 0, 81920, 81037, 0
2025/03/16 22:39:58.466, 0, 0, 81920, 81037, 0,0, 0, 81920, 81037, 0
2025/03/16 22:39:59.514, 0, 0, 81920, 81037, 0,0, 0, 81920, 81037, 0
2025/03/16 22:40:00.712, 0, 0, 81920, 81037, 0,0, 0, 81920, 81037, 0
2025/03/16 22:40:01.762, 0, 0, 81920, 81037, 0,0, 0, 81920, 81037, 0
2025/03/16 22:40:02.808, 0, 0, 81920, 81037, 0,0, 0, 81920, 81037, 0
2025/03/16 22:40:04.041, 0, 0, 81920, 81037, 0,0, 0, 81920, 81037, 0
2025/03/16 22:40:05.098, 0, 0, 81920, 81037, 0,0, 0, 81920, 81037, 0
2025/03/16 22:40:06.274, 0, 0, 81920, 81037, 0,0, 0, 81920, 81037, 0
2025/03/16 22:40:07.320, 0, 0, 81920, 81037, 0,0, 0, 81920, 81037, 0
2025/03/16 22:40:08.366, 0, 0, 81920, 81037, 0,0, 0, 81920, 81037, 0
2025/03/16 22:40:09.600, 0, 0, 81920, 81037, 0,0, 0, 81920, 81037, 0
2025/03/16 22:40:10.643, 0, 0, 81920, 81037, 0,0, 0, 81920, 81037, 0
2025/03/16 22:40:11.850, 0, 0, 81920, 81037, 0,0, 0, 81920, 81037, 0
2025/03/16 22:40:12.899, 0, 0, 81920, 81037, 0,0, 0, 81920, 81037, 0
2025/03/16 22:40:13.947, 0, 0, 81920, 81037, 0,0, 0, 81920, 81037, 0
2025/03/16 22:40:15.191, 0, 0, 81920, 81037, 0,0, 0, 81920, 81037, 0
2025/03/16 22:40:16.235, 0, 0, 81920, 81037, 0,0, 0, 81920, 81037, 0
2025/03/16 22:40:17.429, 0, 0, 81920, 81037, 0,0, 0, 81920, 81037, 0
2025/03/16 22:40:18.476, 0, 0, 81920, 81037, 0,0, 0, 81920, 81037, 0
2025/03/16 22:40:19.519, 0, 0, 81920, 81037, 0,0, 0, 81920, 81037, 0
2025/03/16 22:40:20.740, 0, 0, 81920, 81037, 0,0, 0, 81920, 81037, 0
2025/03/16 22:40:21.784, 0, 0, 81920, 81037, 0,0, 0, 81920, 81037, 0
2025/03/16 22:40:22.994, 0, 0, 81920, 81037, 0,0, 0, 81920, 81037, 0
2025/03/16 22:40:24.039, 0, 0, 81920, 81037, 0,0, 0, 81920, 81037, 0
2025/03/16 22:40:25.084, 0, 0, 81920, 81037, 0,0, 0, 81920, 81037, 0
2025/03/16 22:40:26.317, 0, 0, 81920, 81037, 0,0, 0, 81920, 81037, 0
2025/03/16 22:40:27.373, 0, 0, 81920, 81037, 0,0, 0, 81920, 81037, 0
2025/03/16 22:40:28.674, 0, 0, 81920, 81037, 0,0, 0, 81920, 81037, 0
2025/03/16 22:40:29.720, 0, 0, 81920, 81037, 0,0, 0, 81920, 81037, 0
2025/03/16 22:40:30.769, 0, 0, 81920, 81037, 0,0, 0, 81920, 81037, 0
2025/03/16 22:40:32.065, 0, 0, 81920, 81037, 0,0, 0, 81920, 81037, 0
2025/03/16 22:40:33.110, 0, 0, 81920, 81037, 0,0, 0, 81920, 81037, 0
2025/03/16 22:40:34.255, 0, 0, 81920, 81037, 0,0, 0, 81920, 81037, 0
2025/03/16 22:40:35.299, 0, 0, 81920, 81037, 0,0, 0, 81920, 81037, 0
2025/03/16 22:40:36.348, 0, 0, 81920, 81037, 0,0, 0, 81920, 81037, 0
2025/03/16 22:40:37.571, 0, 0, 81920, 81037, 0,0, 0, 81920, 81037, 0
2025/03/16 22:40:38.616, 0, 0, 81920, 81037, 0,0, 0, 81920, 81037, 0
2025/03/16 22:40:39.824, 0, 0, 81920, 81037, 0,0, 0, 81920, 81037, 0
2025/03/16 22:40:40.869, 0, 0, 81920, 81037, 0,0, 0, 81920, 81037, 0
2025/03/16 22:40:41.913, 0, 0, 81920, 81037, 0,0, 0, 81920, 81037, 0
2025/03/16 22:40:43.131, 0, 0, 81920, 81037, 0,0, 0, 81920, 81037, 0
2025/03/16 22:40:44.176, 0, 0, 81920, 81037, 0,0, 0, 81920, 81037, 0
2025/03/16 22:40:45.388, 0, 0, 81920, 81037, 0,0, 0, 81920, 81037, 0
2025/03/16 22:40:46.433, 0, 0, 81920, 81037, 0,0, 0, 81920, 81037, 0
2025/03/16 22:40:47.485, 0, 0, 81920, 81037, 0,0, 0, 81920, 81037, 0
2025/03/16 22:40:48.713, 0, 0, 81920, 81037, 0,0, 0, 81920, 81037, 0
2025/03/16 22:40:49.757, 0, 0, 81920, 81037, 0,0, 0, 81920, 81037, 0
2025/03/16 22:40:50.956, 0, 0, 81920, 81037, 0,0, 0, 81920, 81037, 0
2025/03/16 22:40:52.002, 0, 0, 81920, 81037, 0,0, 0, 81920, 81037, 0
2025/03/16 22:40:53.048, 0, 0, 81920, 81037, 0,0, 0, 81920, 81037, 0
2025/03/16 22:40:54.260, 0, 0, 81920, 81037, 0,0, 0, 81920, 81037, 0
2025/03/16 22:40:55.303, 0, 0, 81920, 81037, 0,0, 0, 81920, 81037, 0
2025/03/16 22:40:56.510, 0, 0, 81920, 81037, 0,0, 0, 81920, 81037, 0
2025/03/16 22:40:57.555, 0, 0, 81920, 81037, 0,0, 0, 81920, 81037, 0
2025/03/16 22:40:58.688, 0, 0, 81920, 81037, 0,0, 0, 81920, 81037, 0
2025/03/16 22:40:59.945, 0, 0, 81920, 81037, 0,0, 0, 81920, 81037, 0
2025/03/16 22:41:00.987, 0, 0, 81920, 81037, 0,0, 0, 81920, 81037, 0
2025/03/16 22:41:02.227, 0, 0, 81920, 81037, 0,0, 0, 81920, 81037, 0
2025/03/16 22:41:03.270, 0, 0, 81920, 81037, 0,0, 0, 81920, 81037, 0
2025/03/16 22:41:04.430, 0, 0, 81920, 81037, 0,0, 0, 81920, 81037, 0
2025/03/16 22:41:05.509, 0, 0, 81920, 81037, 0,0, 0, 81920, 81037, 0
2025/03/16 22:41:06.555, 0, 0, 81920, 81037, 0,0, 0, 81920, 81037, 0
2025/03/16 22:41:07.745, 0, 0, 81920, 81037, 0,0, 0, 81920, 81037, 0
2025/03/16 22:41:08.792, 0, 0, 81920, 81037, 0,0, 0, 81920, 81037, 0
2025/03/16 22:41:09.835, 0, 0, 81920, 81037, 0,0, 0, 81920, 81037, 0
2025/03/16 22:41:11.047, 0, 0, 81920, 81037, 0,0, 0, 81920, 81037, 0
2025/03/16 22:41:12.091, 0, 0, 81920, 81037, 0,0, 0, 81920, 81037, 0
2025/03/16 22:41:13.286, 0, 0, 81920, 81037, 0,0, 0, 81920, 81037, 0
2025/03/16 22:41:14.336, 0, 0, 81920, 81037, 0,0, 0, 81920, 81037, 0
2025/03/16 22:41:15.382, 0, 0, 81920, 81037, 0,0, 0, 81920, 81037, 0
2025/03/16 22:41:16.594, 0, 0, 81920, 81037, 0,0, 0, 81920, 81037, 0
2025/03/16 22:41:17.635, 0, 0, 81920, 81037, 0,0, 0, 81920, 81037, 0
2025/03/16 22:41:18.853, 0, 0, 81920, 81037, 0,0, 0, 81920, 81037, 0
2025/03/16 22:41:19.898, 0, 0, 81920, 81037, 0,0, 0, 81920, 81037, 0
2025/03/16 22:41:20.942, 0, 0, 81920, 81037, 0,0, 0, 81920, 81037, 0
2025/03/16 22:41:22.169, 0, 0, 81920, 81037, 0,0, 0, 81920, 81037, 0
2025/03/16 22:41:23.212, 0, 0, 81920, 81037, 0,0, 0, 81920, 81037, 0
2025/03/16 22:41:24.428, 0, 0, 81920, 81037, 0,0, 0, 81920, 81037, 0
2025/03/16 22:41:25.476, 0, 0, 81920, 81037, 0,0, 0, 81920, 81037, 0
2025/03/16 22:41:26.522, 0, 0, 81920, 81037, 0,0, 0, 81920, 81037, 0
2025/03/16 22:41:27.737, 0, 0, 81920, 81037, 0,0, 0, 81920, 81037, 0
2025/03/16 22:41:28.779, 0, 0, 81920, 81037, 0,0, 0, 81920, 81037, 0
2025/03/16 22:41:29.971, 0, 0, 81920, 81037, 0,0, 0, 81920, 81037, 0
2025/03/16 22:41:31.014, 0, 0, 81920, 81037, 0,0, 0, 81920, 81037, 0
2025/03/16 22:41:32.072, 0, 0, 81920, 81037, 0,0, 0, 81920, 81037, 0
2025/03/16 22:41:33.276, 0, 0, 81920, 81037, 0,0, 0, 81920, 81037, 0
2025/03/16 22:41:34.326, 0, 0, 81920, 81037, 0,0, 0, 81920, 81037, 0
2025/03/16 22:41:35.501, 0, 0, 81920, 81037, 0,0, 0, 81920, 81037, 0
2025/03/16 22:41:36.546, 0, 0, 81920, 81037, 0,0, 0, 81920, 81037, 0
2025/03/16 22:41:37.590, 0, 0, 81920, 81037, 0,0, 0, 81920, 81037, 0
2025/03/16 22:41:38.794, 0, 0, 81920, 81037, 0,0, 0, 81920, 81037, 0
2025/03/16 22:41:39.837, 0, 0, 81920, 81037, 0,0, 0, 81920, 81037, 0
2025/03/16 22:41:41.045, 0, 0, 81920, 81037, 0,0, 0, 81920, 81037, 0
2025/03/16 22:41:42.088, 0, 0, 81920, 81037, 0,0, 0, 81920, 81037, 0
2025/03/16 22:41:43.133, 0, 0, 81920, 81037, 0,0, 0, 81920, 81037, 0
2025/03/16 22:41:44.332, 0, 0, 81920, 81037, 0,0, 0, 81920, 81037, 0
2025/03/16 22:41:45.377, 0, 0, 81920, 81037, 0,0, 0, 81920, 81037, 0
2025/03/16 22:41:46.595, 0, 0, 81920, 81037, 0,0, 0, 81920, 81037, 0
2025/03/16 22:41:47.637, 0, 0, 81920, 81037, 0,0, 0, 81920, 81037, 0
2025/03/16 22:41:48.683, 0, 0, 81920, 81037, 0,0, 0, 81920, 81037, 0
2025/03/16 22:41:49.907, 0, 0, 81920, 81037, 0,0, 0, 81920, 81037, 0
2025/03/16 22:41:50.948, 0, 0, 81920, 81037, 0,0, 0, 81920, 81037, 0
2025/03/16 22:41:52.148, 0, 0, 81920, 81037, 0,0, 0, 81920, 81037, 0
2025/03/16 22:41:53.197, 0, 0, 81920, 81037, 0,0, 0, 81920, 81037, 0
2025/03/16 22:41:54.256, 0, 0, 81920, 81037, 0,0, 0, 81920, 81037, 0
2025/03/16 22:41:55.470, 0, 0, 81920, 81037, 0,0, 0, 81920, 81037, 0
2025/03/16 22:41:56.514, 0, 0, 81920, 81037, 0,0, 0, 81920, 81037, 0
2025/03/16 22:41:57.624, 0, 0, 81920, 81037, 0,0, 0, 81920, 81037, 0
2025/03/16 22:41:58.670, 0, 0, 81920, 81037, 0,0, 0, 81920, 81037, 0
2025/03/16 22:41:59.757, 0, 0, 81920, 81037, 0,0, 0, 81920, 81037, 0
2025/03/16 22:42:01.024, 0, 0, 81920, 81037, 0,0, 0, 81920, 81037, 0
2025/03/16 22:42:02.071, 0, 0, 81920, 81037, 0,0, 0, 81920, 81037, 0
2025/03/16 22:42:03.361, 0, 0, 81920, 81037, 0,0, 0, 81920, 81037, 0
2025/03/16 22:42:04.407, 0, 0, 81920, 81037, 0,0, 0, 81920, 81037, 0
2025/03/16 22:42:05.464, 0, 0, 81920, 81037, 0,0, 0, 81920, 81037, 0
2025/03/16 22:42:06.690, 0, 0, 81920, 81037, 0,0, 0, 81920, 81037, 0
2025/03/16 22:42:07.732, 0, 0, 81920, 81037, 0,0, 0, 81920, 81037, 0
2025/03/16 22:42:08.930, 0, 0, 81920, 81037, 0,0, 0, 81920, 81037, 0
2025/03/16 22:42:09.974, 0, 0, 81920, 81037, 0,0, 0, 81920, 81037, 0
2025/03/16 22:42:11.016, 0, 0, 81920, 81037, 0,0, 0, 81920, 81037, 0
2025/03/16 22:42:12.256, 0, 0, 81920, 81037, 0,0, 0, 81920, 81037, 0
2025/03/16 22:42:13.301, 0, 0, 81920, 81037, 0,0, 0, 81920, 81037, 0
2025/03/16 22:42:14.506, 0, 0, 81920, 81037, 0,0, 0, 81920, 81037, 0
2025/03/16 22:42:15.550, 0, 0, 81920, 81037, 0,0, 0, 81920, 81037, 0
2025/03/16 22:42:16.598, 0, 0, 81920, 81037, 0,0, 0, 81920, 81037, 0
2025/03/16 22:42:17.809, 0, 0, 81920, 81037, 0,0, 0, 81920, 81037, 0
2025/03/16 22:42:18.854, 0, 0, 81920, 81037, 0,0, 0, 81920, 81037, 0
2025/03/16 22:42:20.058, 0, 0, 81920, 81037, 0,0, 0, 81920, 81037, 0
2025/03/16 22:42:21.103, 0, 0, 81920, 81037, 0,0, 0, 81920, 81037, 0
2025/03/16 22:42:22.147, 0, 0, 81920, 81037, 0,0, 0, 81920, 81037, 0
2025/03/16 22:42:23.363, 0, 0, 81920, 81037, 0,0, 0, 81920, 81037, 0
2025/03/16 22:42:24.410, 0, 0, 81920, 81037, 0,0, 0, 81920, 81037, 0
2025/03/16 22:42:25.613, 0, 0, 81920, 81037, 0,0, 0, 81920, 81037, 0
2025/03/16 22:42:26.656, 0, 0, 81920, 81037, 0,0, 0, 81920, 81037, 0
2025/03/16 22:42:27.750, 0, 0, 81920, 81037, 0,0, 0, 81920, 81037, 0
2025/03/16 22:42:28.916, 0, 0, 81920, 81037, 0,0, 0, 81920, 81037, 0
2025/03/16 22:42:29.957, 0, 0, 81920, 81037, 0,0, 0, 81920, 81037, 0
2025/03/16 22:42:31.159, 0, 0, 81920, 81037, 0,0, 0, 81920, 81037, 0
2025/03/16 22:42:32.205, 0, 0, 81920, 81037, 0,0, 0, 81920, 81037, 0
2025/03/16 22:42:33.262, 0, 0, 81920, 81037, 0,0, 0, 81920, 81037, 0
2025/03/16 22:42:34.474, 0, 0, 81920, 81037, 0,0, 0, 81920, 81037, 0
2025/03/16 22:42:35.516, 0, 0, 81920, 81037, 0,0, 0, 81920, 81037, 0
2025/03/16 22:42:36.717, 0, 0, 81920, 81037, 0,0, 0, 81920, 81037, 0
2025/03/16 22:42:37.766, 0, 0, 81920, 81037, 0,0, 0, 81920, 81037, 0
2025/03/16 22:42:38.811, 0, 0, 81920, 81037, 0,0, 0, 81920, 81037, 0
2025/03/16 22:42:40.020, 0, 0, 81920, 81037, 0,0, 0, 81920, 81037, 0
2025/03/16 22:42:41.064, 0, 0, 81920, 81037, 0,0, 0, 81920, 81037, 0
2025/03/16 22:42:42.256, 0, 0, 81920, 81037, 0,0, 0, 81920, 81037, 0
2025/03/16 22:42:43.301, 0, 0, 81920, 81037, 0,0, 0, 81920, 81037, 0
2025/03/16 22:42:44.347, 0, 0, 81920, 81037, 0,0, 0, 81920, 81037, 0
2025/03/16 22:42:45.564, 0, 0, 81920, 81037, 0,0, 0, 81920, 81037, 0
2025/03/16 22:42:46.609, 0, 0, 81920, 81037, 0,0, 0, 81920, 81037, 0
2025/03/16 22:42:47.807, 0, 0, 81920, 81037, 0,0, 0, 81920, 81037, 0
2025/03/16 22:42:48.854, 0, 0, 81920, 81037, 0,0, 0, 81920, 81037, 0
2025/03/16 22:42:49.896, 0, 0, 81920, 81037, 0,0, 0, 81920, 81037, 0
2025/03/16 22:42:51.126, 0, 0, 81920, 81037, 0,0, 0, 81920, 81037, 0
2025/03/16 22:42:52.170, 0, 0, 81920, 81037, 0,0, 0, 81920, 81037, 0
2025/03/16 22:42:53.367, 0, 0, 81920, 81037, 0,0, 0, 81920, 81037, 0
2025/03/16 22:42:54.413, 0, 0, 81920, 81037, 0,0, 0, 81920, 81037, 0
2025/03/16 22:42:55.457, 0, 0, 81920, 81037, 0,0, 0, 81920, 81037, 0
2025/03/16 22:42:56.671, 0, 0, 81920, 81037, 0,0, 0, 81920, 81037, 0
2025/03/16 22:42:57.716, 0, 0, 81920, 81037, 0,0, 0, 81920, 81037, 0
2025/03/16 22:42:58.917, 0, 0, 81920, 81037, 0,0, 0, 81920, 81037, 0
2025/03/16 22:42:59.960, 0, 0, 81920, 81037, 0,0, 0, 81920, 81037, 0
2025/03/16 22:43:01.008, 0, 0, 81920, 81037, 0,0, 0, 81920, 81037, 0
2025/03/16 22:43:02.261, 0, 0, 81920, 81037, 0,0, 0, 81920, 81037, 0
2025/03/16 22:43:03.302, 0, 0, 81920, 81037, 0,0, 0, 81920, 81037, 0
2025/03/16 22:43:04.484, 0, 0, 81920, 81037, 0,0, 0, 81920, 81037, 0
2025/03/16 22:43:05.530, 0, 0, 81920, 81037, 0,0, 0, 81920, 81037, 0
2025/03/16 22:43:06.582, 0, 0, 81920, 81037, 0,0, 0, 81920, 81037, 0
2025/03/16 22:43:07.768, 0, 0, 81920, 81037, 0,0, 0, 81920, 81037, 0
2025/03/16 22:43:08.811, 0, 0, 81920, 81037, 0,0, 0, 81920, 81037, 0
2025/03/16 22:43:10.016, 0, 0, 81920, 81037, 0,0, 0, 81920, 81037, 0
2025/03/16 22:43:11.072, 0, 0, 81920, 81037, 0,0, 0, 81920, 81037, 0
2025/03/16 22:43:12.118, 0, 0, 81920, 81037, 0,0, 0, 81920, 81037, 0
2025/03/16 22:43:13.322, 0, 0, 81920, 81037, 0,0, 0, 81920, 81037, 0
2025/03/16 22:43:14.366, 0, 0, 81920, 81037, 0,0, 0, 81920, 81037, 0
2025/03/16 22:43:15.585, 0, 0, 81920, 81037, 0,0, 0, 81920, 81037, 0
2025/03/16 22:43:16.627, 0, 0, 81920, 81037, 0,0, 0, 81920, 81037, 0
2025/03/16 22:43:17.826, 0, 0, 81920, 81037, 0,0, 0, 81920, 81037, 0
2025/03/16 22:43:19.263, 0, 0, 81920, 81037, 0,0, 0, 81920, 81037, 0
2025/03/16 22:43:20.304, 0, 0, 81920, 81037, 0,0, 0, 81920, 81037, 0
2025/03/16 22:43:21.508, 0, 0, 81920, 81037, 0,0, 0, 81920, 81037, 0
2025/03/16 22:43:22.553, 0, 0, 81920, 81037, 0,0, 0, 81920, 81037, 0
2025/03/16 22:43:23.698, 0, 0, 81920, 81037, 0,0, 0, 81920, 81037, 0
2025/03/16 22:43:25.119, 0, 0, 81920, 81037, 0,0, 0, 81920, 81037, 0
2025/03/16 22:43:26.163, 0, 0, 81920, 81037, 0,0, 0, 81920, 81037, 0
2025/03/16 22:43:27.616, 0, 0, 81920, 81037, 0,0, 0, 81920, 81037, 0
2025/03/16 22:43:28.746, 0, 0, 81920, 81037, 0,0, 0, 81920, 81037, 0
2025/03/16 22:43:29.786, 0, 0, 81920, 81037, 0,0, 0, 81920, 81037, 0
2025/03/16 22:43:30.985, 0, 0, 81920, 81037, 0,0, 0, 81920, 81037, 0
2025/03/16 22:43:32.049, 0, 0, 81920, 81037, 0,0, 0, 81920, 81037, 0
2025/03/16 22:43:33.095, 0, 0, 81920, 81037, 0,0, 0, 81920, 81037, 0
2025/03/16 22:43:34.317, 0, 0, 81920, 81037, 0,0, 0, 81920, 81037, 0
2025/03/16 22:43:35.361, 0, 0, 81920, 81037, 0,0, 0, 81920, 81037, 0
2025/03/16 22:43:36.561, 0, 0, 81920, 81037, 0,0, 0, 81920, 81037, 0
2025/03/16 22:43:37.608, 0, 0, 81920, 81037, 0,0, 0, 81920, 81037, 0
2025/03/16 22:43:38.651, 0, 0, 81920, 81037, 0,0, 0, 81920, 81037, 0
2025/03/16 22:43:39.868, 0, 0, 81920, 81037, 0,0, 0, 81920, 81037, 0
2025/03/16 22:43:40.913, 0, 0, 81920, 81037, 0,0, 0, 81920, 81037, 0
2025/03/16 22:43:42.114, 0, 0, 81920, 81037, 0,0, 0, 81920, 81037, 0
2025/03/16 22:43:43.157, 0, 0, 81920, 81037, 0,0, 0, 81920, 81037, 0
2025/03/16 22:43:44.201, 0, 0, 81920, 81037, 0,0, 0, 81920, 81037, 0
2025/03/16 22:43:45.427, 0, 0, 81920, 81037, 0,0, 0, 81920, 81037, 0
2025/03/16 22:43:46.472, 0, 0, 81920, 81037, 0,0, 0, 81920, 81037, 0
2025/03/16 22:43:47.664, 0, 0, 81920, 81037, 0,0, 0, 81920, 81037, 0
2025/03/16 22:43:48.713, 0, 0, 81920, 81037, 0,0, 0, 81920, 81037, 0
2025/03/16 22:43:49.756, 0, 0, 81920, 81037, 0,0, 0, 81920, 81037, 0
2025/03/16 22:43:50.980, 0, 0, 81920, 81037, 0,0, 0, 81920, 81037, 0
2025/03/16 22:43:52.026, 0, 0, 81920, 81037, 0,0, 0, 81920, 81037, 0
2025/03/16 22:43:53.419, 0, 0, 81920, 81037, 0,0, 0, 81920, 81037, 0
2025/03/16 22:43:54.667, 0, 0, 81920, 81037, 0,0, 0, 81920, 81037, 0
2025/03/16 22:43:55.710, 0, 0, 81920, 81037, 0,0, 0, 81920, 81037, 0
2025/03/16 22:43:56.905, 0, 0, 81920, 81037, 0,0, 0, 81920, 81037, 0
2025/03/16 22:43:57.951, 0, 0, 81920, 81037, 0,0, 0, 81920, 81037, 0
2025/03/16 22:43:59.060, 0, 0, 81920, 81037, 0,0, 0, 81920, 81037, 0
2025/03/16 22:44:00.232, 0, 0, 81920, 81037, 0,0, 0, 81920, 81037, 0
2025/03/16 22:44:01.278, 0, 0, 81920, 81037, 0,0, 0, 81920, 81037, 0
2025/03/16 22:44:02.481, 0, 0, 81920, 81037, 0,0, 0, 81920, 81037, 0
2025/03/16 22:44:03.528, 0, 0, 81920, 81037, 0,0, 0, 81920, 81037, 0
2025/03/16 22:44:04.596, 0, 0, 81920, 81037, 0,0, 0, 81920, 81037, 0
2025/03/16 22:44:05.789, 0, 0, 81920, 81037, 0,0, 0, 81920, 81037, 0
2025/03/16 22:44:06.839, 0, 0, 81920, 81037, 0,0, 0, 81920, 81037, 0
2025/03/16 22:44:08.038, 0, 0, 81920, 81037, 0,0, 0, 81920, 81037, 0
2025/03/16 22:44:09.082, 0, 0, 81920, 81037, 0,0, 0, 81920, 81037, 0
2025/03/16 22:44:10.127, 0, 0, 81920, 81037, 0,0, 0, 81920, 81037, 0
2025/03/16 22:44:11.347, 0, 0, 81920, 81037, 0,0, 0, 81920, 81037, 0
2025/03/16 22:44:12.391, 0, 0, 81920, 81037, 0,0, 0, 81920, 81037, 0
2025/03/16 22:44:13.595, 0, 0, 81920, 81037, 0,0, 0, 81920, 81037, 0
2025/03/16 22:44:14.644, 0, 0, 81920, 81037, 0,0, 0, 81920, 81037, 0
2025/03/16 22:44:15.687, 0, 0, 81920, 81037, 0,0, 0, 81920, 81037, 0
2025/03/16 22:44:16.895, 0, 0, 81920, 81037, 0,0, 0, 81920, 81037, 0
2025/03/16 22:44:17.936, 0, 0, 81920, 81037, 0,0, 0, 81920, 81037, 0
2025/03/16 22:44:19.133, 0, 0, 81920, 81037, 0,0, 0, 81920, 81037, 0
2025/03/16 22:44:20.179, 0, 0, 81920, 81037, 0,0, 0, 81920, 81037, 0
2025/03/16 22:44:21.219, 0, 0, 81920, 81037, 0,0, 0, 81920, 81037, 0
2025/03/16 22:44:22.440, 0, 0, 81920, 81037, 0,0, 0, 81920, 81037, 0
2025/03/16 22:44:23.484, 0, 0, 81920, 81037, 0,0, 0, 81920, 81037, 0
2025/03/16 22:44:24.674, 0, 0, 81920, 81037, 0,0, 0, 81920, 81037, 0
2025/03/16 22:44:25.718, 0, 0, 81920, 81037, 0,0, 0, 81920, 81037, 0
2025/03/16 22:44:26.762, 0, 0, 81920, 81037, 0,0, 0, 81920, 81037, 0
2025/03/16 22:44:28.119, 0, 0, 81920, 81037, 0,0, 0, 81920, 81037, 0
2025/03/16 22:44:29.164, 0, 0, 81920, 81037, 0,0, 0, 81920, 81037, 0
2025/03/16 22:44:30.360, 0, 0, 81920, 81037, 0,0, 0, 81920, 81037, 0
2025/03/16 22:44:31.405, 0, 0, 81920, 81037, 0,0, 0, 81920, 81037, 0
2025/03/16 22:44:32.448, 0, 0, 81920, 81037, 0,0, 0, 81920, 81037, 0
2025/03/16 22:44:33.649, 0, 0, 81920, 81037, 0,0, 0, 81920, 81037, 0
2025/03/16 22:44:34.692, 0, 0, 81920, 81037, 0,0, 0, 81920, 81037, 0
2025/03/16 22:44:35.893, 0, 0, 81920, 81037, 0,0, 0, 81920, 81037, 0
2025/03/16 22:44:36.938, 0, 0, 81920, 81037, 0,0, 0, 81920, 81037, 0
2025/03/16 22:44:37.980, 0, 0, 81920, 81037, 0,0, 0, 81920, 81037, 0
2025/03/16 22:44:39.176, 0, 0, 81920, 81037, 0,0, 0, 81920, 81037, 0
2025/03/16 22:44:40.221, 0, 0, 81920, 81037, 0,0, 0, 81920, 81037, 0
2025/03/16 22:44:41.417, 0, 0, 81920, 81037, 0,0, 0, 81920, 81037, 0
2025/03/16 22:44:42.461, 0, 0, 81920, 81037, 0,0, 0, 81920, 81037, 0
2025/03/16 22:44:43.509, 0, 0, 81920, 81037, 0,0, 0, 81920, 81037, 0
2025/03/16 22:44:44.710, 0, 0, 81920, 81037, 0,0, 0, 81920, 81037, 0
2025/03/16 22:44:45.753, 0, 0, 81920, 81037, 0,0, 0, 81920, 81037, 0
2025/03/16 22:44:46.950, 0, 0, 81920, 81037, 0,0, 0, 81920, 81037, 0
2025/03/16 22:44:47.997, 0, 0, 81920, 81037, 0,0, 0, 81920, 81037, 0
2025/03/16 22:44:49.041, 0, 0, 81920, 81037, 0,0, 0, 81920, 81037, 0
2025/03/16 22:44:50.243, 0, 0, 81920, 81037, 0,0, 0, 81920, 81037, 0
2025/03/16 22:44:51.292, 0, 0, 81920, 81037, 0,0, 0, 81920, 81037, 0
2025/03/16 22:44:52.472, 0, 0, 81920, 81037, 0,0, 0, 81920, 81037, 0
2025/03/16 22:44:53.517, 0, 0, 81920, 81037, 0,0, 0, 81920, 81037, 0
2025/03/16 22:44:54.563, 0, 0, 81920, 81037, 0,0, 0, 81920, 81037, 0
2025/03/16 22:44:55.754, 0, 0, 81920, 81037, 0,0, 0, 81920, 81037, 0
2025/03/16 22:44:56.798, 0, 0, 81920, 81037, 0,0, 0, 81920, 81037, 0
2025/03/16 22:44:57.990, 0, 0, 81920, 81037, 0,0, 0, 81920, 81037, 0
2025/03/16 22:44:59.036, 0, 0, 81920, 81037, 0,0, 0, 81920, 81037, 0
2025/03/16 22:45:00.298, 0, 0, 81920, 81037, 0,0, 0, 81920, 81037, 0
2025/03/16 22:45:01.342, 0, 0, 81920, 81037, 0,0, 0, 81920, 81037, 0
2025/03/16 22:45:02.392, 0, 0, 81920, 81037, 0,0, 0, 81920, 81037, 0
2025/03/16 22:45:03.664, 0, 0, 81920, 81037, 0,0, 0, 81920, 81037, 0
2025/03/16 22:45:04.908, 0, 0, 81920, 81037, 0,0, 0, 81920, 81037, 0
2025/03/16 22:45:05.963, 0, 0, 81920, 81037, 0,0, 0, 81920, 81037, 0
----------
